<?xml version="1.0" encoding="UTF-8"?>
<testsuite xmlns:xsi="http://www.w3.org/2001/XMLSchema-instance" xsi:noNamespaceSchemaLocation="https://maven.apache.org/surefire/maven-surefire-plugin/xsd/surefire-test-report-3.0.xsd" version="3.0" name="praktikum.model.CreateOrderTest" time="13.989" tests="4" errors="0" skipped="0" failures="0">
  <properties>
[...]
</properties>
  <testcase name="createOrderWithInvalidHash" classname="praktikum.model.CreateOrderTest" time="8.285">
    <system-out><![CDATA[Request method:	POST
Request URI:	https://stellarburgers.nomoreparties.site/api/auth/register
Proxy:			<none>
Request params:	<none>
Query params:	<none>
Form params:	<none>
Path params:	<none>
Headers:		Accept=*/*
				Content-Type=application/json
Cookies:		<none>
Multiparts:		<none>
Body:
{
    "email": "marva.konopelski@yandex.ru",
    "password": "TDBSEyKZdT",
    "name": "Dell Nolan"
}
HTTP/1.1 200 OK
Date: Sun, 10 Mar 2024 13:11:09 GMT
Content-Type: application/json; charset=utf-8
Transfer-Encoding: chunked
Connection: keep-alive
X-Powered-By: Express
Access-Control-Allow-Origin: *
authorization: Bearer eyJhbGciOiJIUzI1NiIsInR5cCI6IkpXVCJ9.eyJpZCI6IjY1ZWRiMTZkOWVkMjgwMDAxYjNjOWVjMyIsImlhdCI6MTcxMDA3NjI2OSwiZXhwIjoxNzEwMDc3NDY5fQ.2eTDayUcbE2qTSchoY1QNIWIqvvYvtO7lSzNxgGMmGk
ETag: W/"177-VhlraJ5brOJRCMdye48sKJVG9/o"
CF-Cache-Status: DYNAMIC
Report-To: {"endpoints":[{"url":"https:\/\/a.nel.cloudflare.com\/report\/v3?s=JcACnvftQjMVTO7eZd1LXXBJgRDqLYchR0ZLw1NFSgEwp5oxirBqM1WLbqXw72bSKe8mKe5BGHeweibQpkP8zxOrPjY2C7rM08t01Dfe5LW7tQ8xji9pFC%2BRWXUm2sxcN9hbSJboGfGON%2BkDuFrEY%2BqugnI%3D"}],"group":"cf-nel","max_age":604800}
NEL: {"success_fraction":0,"report_to":"cf-nel","max_age":604800}
Server: cloudflare
CF-RAY: 86238c8a0c2a65b8-FRA
Content-Encoding: gzip
alt-svc: h3=":443"; ma=86400

{
    "success": true,
    "user": {
        "email": "marva.konopelski@yandex.ru",
        "name": "Dell Nolan"
    },
    "accessToken": "Bearer eyJhbGciOiJIUzI1NiIsInR5cCI6IkpXVCJ9.eyJpZCI6IjY1ZWRiMTZkOWVkMjgwMDAxYjNjOWVjMyIsImlhdCI6MTcxMDA3NjI2OSwiZXhwIjoxNzEwMDc3NDY5fQ.2eTDayUcbE2qTSchoY1QNIWIqvvYvtO7lSzNxgGMmGk",
    "refreshToken": "827730fc16f9954e6d2545cd18bb564c131ac237bab626f2f03a5fa42ad088abeef035ce5e8e103d"
}
Request method:	POST
Request URI:	https://stellarburgers.nomoreparties.site/api/auth/login
Proxy:			<none>
Request params:	<none>
Query params:	<none>
Form params:	<none>
Path params:	<none>
Headers:		Accept=*/*
				Content-Type=application/json
Cookies:		<none>
Multiparts:		<none>
Body:
{
    "email": "marva.konopelski@yandex.ru",
    "password": "TDBSEyKZdT",
    "name": "Dell Nolan"
}
HTTP/1.1 200 OK
Date: Sun, 10 Mar 2024 13:11:09 GMT
Content-Type: application/json; charset=utf-8
Transfer-Encoding: chunked
Connection: keep-alive
X-Powered-By: Express
Access-Control-Allow-Origin: *
ETag: W/"177-QJi/rZpu+t0mrP/Upn0/T3FEZnQ"
CF-Cache-Status: DYNAMIC
Report-To: {"endpoints":[{"url":"https:\/\/a.nel.cloudflare.com\/report\/v3?s=Phlj60p21BK%2B4N%2Bcw3065%2Be8m7dxmUqTKRnQ2NCcIV69wrty7Rkaw3tFX0RJlyBPiSpmduEj7XkxSVH90OWQ8i2pxgdCoOGW58tvUvzoDEWRlZAbr4UFwZ2LfQ7C3hp6P3RfTEJf3p4tpuNBmCZF2%2FdzPBs%3D"}],"group":"cf-nel","max_age":604800}
NEL: {"success_fraction":0,"report_to":"cf-nel","max_age":604800}
Server: cloudflare
CF-RAY: 86238c8c58e38c4c-FRA
Content-Encoding: gzip
alt-svc: h3=":443"; ma=86400

{
    "success": true,
    "accessToken": "Bearer eyJhbGciOiJIUzI1NiIsInR5cCI6IkpXVCJ9.eyJpZCI6IjY1ZWRiMTZkOWVkMjgwMDAxYjNjOWVjMyIsImlhdCI6MTcxMDA3NjI2OSwiZXhwIjoxNzEwMDc3NDY5fQ.2eTDayUcbE2qTSchoY1QNIWIqvvYvtO7lSzNxgGMmGk",
    "refreshToken": "61621195a0ebc490486d4a12817309d4f81a1dbaba7d9d5204bc1eded7726afde4d2192e7871fc28",
    "user": {
        "email": "marva.konopelski@yandex.ru",
        "name": "Dell Nolan"
    }
}
Request method:	POST
Request URI:	https://stellarburgers.nomoreparties.site/api/orders
Proxy:			<none>
Request params:	<none>
Query params:	<none>
Form params:	<none>
Path params:	<none>
Headers:		Authorization=Bearer eyJhbGciOiJIUzI1NiIsInR5cCI6IkpXVCJ9.eyJpZCI6IjY1ZWRiMTZkOWVkMjgwMDAxYjNjOWVjMyIsImlhdCI6MTcxMDA3NjI2OSwiZXhwIjoxNzEwMDc3NDY5fQ.2eTDayUcbE2qTSchoY1QNIWIqvvYvtO7lSzNxgGMmGk
				Accept=*/*
				Content-Type=application/json
Cookies:		<none>
Multiparts:		<none>
Body:
{
    "ingredients": [
        "invalid hash"
    ]
}
HTTP/1.1 400 Bad Request
Date: Sun, 10 Mar 2024 13:11:11 GMT
Content-Type: application/json; charset=utf-8
Content-Length: 68
Connection: keep-alive
X-Powered-By: Express
Access-Control-Allow-Origin: *
ETag: W/"44-iv5yjzJnIFw/3XSnnHvmvdpwQ0Y"
CF-Cache-Status: DYNAMIC
Report-To: {"endpoints":[{"url":"https:\/\/a.nel.cloudflare.com\/report\/v3?s=iwemaUwofH1F%2F95V1FkBe2mFdCy%2FPmmN7wt4nbAFy8%2Ff3BrsTfQJxhIX2ca3cavROjZvQYP870cuUn9JDCVa5MOA7kQKyZw9WoyJAx8GvSu6gQOs775SysgrOM1sMgm10jfM9y8MChqR57styVsMAA%2BayAw%3D"}],"group":"cf-nel","max_age":604800}
NEL: {"success_fraction":0,"report_to":"cf-nel","max_age":604800}
Server: cloudflare
CF-RAY: 86238c95fc911c34-FRA
alt-svc: h3=":443"; ma=86400

{
    "success": false,
    "message": "One or more ids provided are incorrect"
}
HTTP/1.1 400 Bad Request
Date: Sun, 10 Mar 2024 13:11:11 GMT
Content-Type: application/json; charset=utf-8
Content-Length: 68
Connection: keep-alive
X-Powered-By: Express
Access-Control-Allow-Origin: *
ETag: W/"44-iv5yjzJnIFw/3XSnnHvmvdpwQ0Y"
CF-Cache-Status: DYNAMIC
Report-To: {"endpoints":[{"url":"https:\/\/a.nel.cloudflare.com\/report\/v3?s=iwemaUwofH1F%2F95V1FkBe2mFdCy%2FPmmN7wt4nbAFy8%2Ff3BrsTfQJxhIX2ca3cavROjZvQYP870cuUn9JDCVa5MOA7kQKyZw9WoyJAx8GvSu6gQOs775SysgrOM1sMgm10jfM9y8MChqR57styVsMAA%2BayAw%3D"}],"group":"cf-nel","max_age":604800}
NEL: {"success_fraction":0,"report_to":"cf-nel","max_age":604800}
Server: cloudflare
CF-RAY: 86238c95fc911c34-FRA
alt-svc: h3=":443"; ma=86400

{
    "success": false,
    "message": "One or more ids provided are incorrect"
}
Request method:	DELETE
Request URI:	https://stellarburgers.nomoreparties.site/api/auth/user
Proxy:			<none>
Request params:	<none>
Query params:	<none>
Form params:	<none>
Path params:	<none>
Headers:		Authorization=Bearer eyJhbGciOiJIUzI1NiIsInR5cCI6IkpXVCJ9.eyJpZCI6IjY1ZWRiMTZkOWVkMjgwMDAxYjNjOWVjMyIsImlhdCI6MTcxMDA3NjI2OSwiZXhwIjoxNzEwMDc3NDY5fQ.2eTDayUcbE2qTSchoY1QNIWIqvvYvtO7lSzNxgGMmGk
				Accept=*/*
				Content-Type=application/json
Cookies:		<none>
Multiparts:		<none>
Body:
{
    "email": "marva.konopelski@yandex.ru",
    "password": "TDBSEyKZdT",
    "name": "Dell Nolan"
}
HTTP/1.1 202 Accepted
Date: Sun, 10 Mar 2024 13:11:11 GMT
Content-Type: application/json; charset=utf-8
Content-Length: 54
Connection: keep-alive
X-Powered-By: Express
Access-Control-Allow-Origin: *
ETag: W/"36-hDmZnQ3Ou/ynnqAeC6TYmyseuzY"
CF-Cache-Status: DYNAMIC
Report-To: {"endpoints":[{"url":"https:\/\/a.nel.cloudflare.com\/report\/v3?s=xkng96kADSFTYxTYh66nIb2SzHzfOKpJlmLsH1%2BUw3h7LMW4lbnutDe22l0wjTFDp3NNLfMg3fV4uz6FNi1DdYsz03paAvuY69FYCQyiUBTJoWNXu7bGGvBffpZWgjgDyaJa00M8Oqd%2B1CAws%2FPzRvl%2B0Ig%3D"}],"group":"cf-nel","max_age":604800}
NEL: {"success_fraction":0,"report_to":"cf-nel","max_age":604800}
Server: cloudflare
CF-RAY: 86238c984f279bb0-FRA
alt-svc: h3=":443"; ma=86400

{
    "success": true,
    "message": "User successfully removed"
}
]]></system-out>
    <system-err><![CDATA[SLF4J: Failed to load class "org.slf4j.impl.StaticLoggerBinder".
SLF4J: Defaulting to no-operation (NOP) logger implementation
SLF4J: See http://www.slf4j.org/codes.html#StaticLoggerBinder for further details.
]]></system-err>
  </testcase>
  <testcase name="createOrderWithLogin" classname="praktikum.model.CreateOrderTest" time="2.261">
    <system-out><![CDATA[Request method:	POST
Request URI:	https://stellarburgers.nomoreparties.site/api/auth/register
Proxy:			<none>
Request params:	<none>
Query params:	<none>
Form params:	<none>
Path params:	<none>
Headers:		Accept=*/*
				Content-Type=application/json
Cookies:		<none>
Multiparts:		<none>
Body:
{
    "email": "jonah.schultz@yandex.ru",
    "password": "ILWysdhrzY",
    "name": "Blondell Wilderman"
}
HTTP/1.1 200 OK
Date: Sun, 10 Mar 2024 13:11:12 GMT
Content-Type: application/json; charset=utf-8
Transfer-Encoding: chunked
Connection: keep-alive
X-Powered-By: Express
Access-Control-Allow-Origin: *
authorization: Bearer eyJhbGciOiJIUzI1NiIsInR5cCI6IkpXVCJ9.eyJpZCI6IjY1ZWRiMTcwOWVkMjgwMDAxYjNjOWVjNiIsImlhdCI6MTcxMDA3NjI3MiwiZXhwIjoxNzEwMDc3NDcyfQ.FhwP8KaC2XKuqVvv0VzGhUYYkhksB7wSEiQRr8VQbSY
ETag: W/"17c-JFnAGuD6XyyFCaXGSWAZUQSTLfU"
CF-Cache-Status: DYNAMIC
Report-To: {"endpoints":[{"url":"https:\/\/a.nel.cloudflare.com\/report\/v3?s=9CYheQIUC3myIZoMYxxAlIwqYK%2FCTCDxbLp67Z6SY91iKxvP0dc4Y30Ma4nE0hWbPhACt8tsc4DdqlTadDqZFgcSjVfdpoh0H4X4mwQqGbCyhB%2FbvykXXaj9%2BTMX5KEmc7E65FX8FQFb81QO0tFM81ydGBo%3D"}],"group":"cf-nel","max_age":604800}
NEL: {"success_fraction":0,"report_to":"cf-nel","max_age":604800}
Server: cloudflare
CF-RAY: 86238c9dd9542bc5-FRA
Content-Encoding: gzip
alt-svc: h3=":443"; ma=86400

{
    "success": true,
    "user": {
        "email": "jonah.schultz@yandex.ru",
        "name": "Blondell Wilderman"
    },
    "accessToken": "Bearer eyJhbGciOiJIUzI1NiIsInR5cCI6IkpXVCJ9.eyJpZCI6IjY1ZWRiMTcwOWVkMjgwMDAxYjNjOWVjNiIsImlhdCI6MTcxMDA3NjI3MiwiZXhwIjoxNzEwMDc3NDcyfQ.FhwP8KaC2XKuqVvv0VzGhUYYkhksB7wSEiQRr8VQbSY",
    "refreshToken": "e2ce130eb423ac9726540adcd4cbcd6d54e592e8ca32be950e0271dc24e770dc66609af9849268fb"
}
Request method:	POST
Request URI:	https://stellarburgers.nomoreparties.site/api/auth/login
Proxy:			<none>
Request params:	<none>
Query params:	<none>
Form params:	<none>
Path params:	<none>
Headers:		Accept=*/*
				Content-Type=application/json
Cookies:		<none>
Multiparts:		<none>
Body:
{
    "email": "jonah.schultz@yandex.ru",
    "password": "ILWysdhrzY",
    "name": "Blondell Wilderman"
}
HTTP/1.1 200 OK
Date: Sun, 10 Mar 2024 13:11:12 GMT
Content-Type: application/json; charset=utf-8
Transfer-Encoding: chunked
Connection: keep-alive
X-Powered-By: Express
Access-Control-Allow-Origin: *
ETag: W/"17c-rsdQ/hYI7tpyTLH9B8uyavzDPIM"
CF-Cache-Status: DYNAMIC
Report-To: {"endpoints":[{"url":"https:\/\/a.nel.cloudflare.com\/report\/v3?s=3pk76qoGyw%2B2t6zPjW6S2berVubcafXJ2SrXKHPnGRNV7dq0yZgjIH2mh1GIZEGAV9nh%2F9%2BClrEUx3r8CvmtvXKe2HVl%2Fda2%2BP7DiIVWxnipqVr6rT1Q4P%2BU7t8zqiHfjYwCb0pQKc7kyHwX%2BpIGNXXvKKE%3D"}],"group":"cf-nel","max_age":604800}
NEL: {"success_fraction":0,"report_to":"cf-nel","max_age":604800}
Server: cloudflare
CF-RAY: 86238c9fdb439b82-FRA
Content-Encoding: gzip
alt-svc: h3=":443"; ma=86400

{
    "success": true,
    "accessToken": "Bearer eyJhbGciOiJIUzI1NiIsInR5cCI6IkpXVCJ9.eyJpZCI6IjY1ZWRiMTcwOWVkMjgwMDAxYjNjOWVjNiIsImlhdCI6MTcxMDA3NjI3MiwiZXhwIjoxNzEwMDc3NDcyfQ.FhwP8KaC2XKuqVvv0VzGhUYYkhksB7wSEiQRr8VQbSY",
    "refreshToken": "35e53b422c2691e2b2d6cf89a1b04dce786beb8b6c969c7b1963f2efc486dde385ff7c9bd9a28334",
    "user": {
        "email": "jonah.schultz@yandex.ru",
        "name": "Blondell Wilderman"
    }
}
Request method:	POST
Request URI:	https://stellarburgers.nomoreparties.site/api/orders
Proxy:			<none>
Request params:	<none>
Query params:	<none>
Form params:	<none>
Path params:	<none>
Headers:		Authorization=Bearer eyJhbGciOiJIUzI1NiIsInR5cCI6IkpXVCJ9.eyJpZCI6IjY1ZWRiMTcwOWVkMjgwMDAxYjNjOWVjNiIsImlhdCI6MTcxMDA3NjI3MiwiZXhwIjoxNzEwMDc3NDcyfQ.FhwP8KaC2XKuqVvv0VzGhUYYkhksB7wSEiQRr8VQbSY
				Accept=*/*
				Content-Type=application/json
Cookies:		<none>
Multiparts:		<none>
Body:
{
    "ingredients": [
        "61c0c5a71d1f82001bdaaa6d",
        "61c0c5a71d1f82001bdaaa6f",
        "61c0c5a71d1f82001bdaaa70",
        "61c0c5a71d1f82001bdaaa71",
        "61c0c5a71d1f82001bdaaa72",
        "61c0c5a71d1f82001bdaaa6e",
        "61c0c5a71d1f82001bdaaa73",
        "61c0c5a71d1f82001bdaaa74",
        "61c0c5a71d1f82001bdaaa6c",
        "61c0c5a71d1f82001bdaaa75",
        "61c0c5a71d1f82001bdaaa76",
        "61c0c5a71d1f82001bdaaa77",
        "61c0c5a71d1f82001bdaaa78",
        "61c0c5a71d1f82001bdaaa79",
        "61c0c5a71d1f82001bdaaa7a"
    ]
}
HTTP/1.1 200 OK
Date: Sun, 10 Mar 2024 13:11:13 GMT
Content-Type: application/json; charset=utf-8
Transfer-Encoding: chunked
Connection: keep-alive
X-Powered-By: Express
Access-Control-Allow-Origin: *
ETag: W/"1b9e-i/b9XzWuuTRS8kD8qUN14lfExeg"
CF-Cache-Status: DYNAMIC
Report-To: {"endpoints":[{"url":"https:\/\/a.nel.cloudflare.com\/report\/v3?s=e5ixWDKkoE5JJuXH3WLDNoP9I9OPN%2F%2BYxlMenYp2YEKz3E6k8T1HsQXLTWfcBgOw%2FvMXldUy7mEJNChjM20trV5byLDEaJ1x6CkrWv6M28jPbzg%2BMDj5Bl8XnknNsaQspZYRTgyFBoJnD%2FN8D5wDRGzJJAo%3D"}],"group":"cf-nel","max_age":604800}
NEL: {"success_fraction":0,"report_to":"cf-nel","max_age":604800}
Server: cloudflare
CF-RAY: 86238ca1ead765d1-FRA
Content-Encoding: gzip
alt-svc: h3=":443"; ma=86400

{
    "success": true,
    "name": "Экзо-плантаго альфа-сахаридный минеральный space традиционный-галактический флюоресцентный фалленианский люминесцентный spicy метеоритный краторный антарианский бессмертный био-марсианский астероидный бургер",
    "order": {
        "ingredients": [
            {
                "_id": "61c0c5a71d1f82001bdaaa6d",
                "name": "Флюоресцентная булка R2-D3",
                "type": "bun",
                "proteins": 44,
                "fat": 26,
                "carbohydrates": 85,
                "calories": 643,
                "price": 988,
                "image": "https://code.s3.yandex.net/react/code/bun-01.png",
                "image_mobile": "https://code.s3.yandex.net/react/code/bun-01-mobile.png",
                "image_large": "https://code.s3.yandex.net/react/code/bun-01-large.png",
                "__v": 0
            },
            {
                "_id": "61c0c5a71d1f82001bdaaa6f",
                "name": "Мясо бессмертных моллюсков Protostomia",
                "type": "main",
                "proteins": 433,
                "fat": 244,
                "carbohydrates": 33,
                "calories": 420,
                "price": 1337,
                "image": "https://code.s3.yandex.net/react/code/meat-02.png",
                "image_mobile": "https://code.s3.yandex.net/react/code/meat-02-mobile.png",
                "image_large": "https://code.s3.yandex.net/react/code/meat-02-large.png",
                "__v": 0
            },
            {
                "_id": "61c0c5a71d1f82001bdaaa70",
                "name": "Говяжий метеорит (отбивная)",
                "type": "main",
                "proteins": 800,
                "fat": 800,
                "carbohydrates": 300,
                "calories": 2674,
                "price": 3000,
                "image": "https://code.s3.yandex.net/react/code/meat-04.png",
                "image_mobile": "https://code.s3.yandex.net/react/code/meat-04-mobile.png",
                "image_large": "https://code.s3.yandex.net/react/code/meat-04-large.png",
                "__v": 0
            },
            {
                "_id": "61c0c5a71d1f82001bdaaa71",
                "name": "Биокотлета из марсианской Магнолии",
                "type": "main",
                "proteins": 420,
                "fat": 142,
                "carbohydrates": 242,
                "calories": 4242,
                "price": 424,
                "image": "https://code.s3.yandex.net/react/code/meat-01.png",
                "image_mobile": "https://code.s3.yandex.net/react/code/meat-01-mobile.png",
                "image_large": "https://code.s3.yandex.net/react/code/meat-01-large.png",
                "__v": 0
            },
            {
                "_id": "61c0c5a71d1f82001bdaaa72",
                "name": "Соус Spicy-X",
                "type": "sauce",
                "proteins": 30,
                "fat": 20,
                "carbohydrates": 40,
                "calories": 30,
                "price": 90,
                "image": "https://code.s3.yandex.net/react/code/sauce-02.png",
                "image_mobile": "https://code.s3.yandex.net/react/code/sauce-02-mobile.png",
                "image_large": "https://code.s3.yandex.net/react/code/sauce-02-large.png",
                "__v": 0
            },
            {
                "_id": "61c0c5a71d1f82001bdaaa6e",
                "name": "Филе Люминесцентного тетраодонтимформа",
                "type": "main",
                "proteins": 44,
                "fat": 26,
                "carbohydrates": 85,
                "calories": 643,
                "price": 988,
                "image": "https://code.s3.yandex.net/react/code/meat-03.png",
                "image_mobile": "https://code.s3.yandex.net/react/code/meat-03-mobile.png",
                "image_large": "https://code.s3.yandex.net/react/code/meat-03-large.png",
                "__v": 0
            },
            {
                "_id": "61c0c5a71d1f82001bdaaa73",
                "name": "Соус фирменный Space Sauce",
                "type": "sauce",
                "proteins": 50,
                "fat": 22,
                "carbohydrates": 11,
                "calories": 14,
                "price": 80,
                "image": "https://code.s3.yandex.net/react/code/sauce-04.png",
                "image_mobile": "https://code.s3.yandex.net/react/code/sauce-04-mobile.png",
                "image_large": "https://code.s3.yandex.net/react/code/sauce-04-large.png",
                "__v": 0
            },
            {
                "_id": "61c0c5a71d1f82001bdaaa74",
                "name": "Соус традиционный галактический",
                "type": "sauce",
                "proteins": 42,
                "fat": 24,
                "carbohydrates": 42,
                "calories": 99,
                "price": 15,
                "image": "https://code.s3.yandex.net/react/code/sauce-03.png",
                "image_mobile": "https://code.s3.yandex.net/react/code/sauce-03-mobile.png",
                "image_large": "https://code.s3.yandex.net/react/code/sauce-03-large.png",
                "__v": 0
            },
            {
                "_id": "61c0c5a71d1f82001bdaaa6c",
                "name": "Краторная булка N-200i",
                "type": "bun",
                "proteins": 80,
                "fat": 24,
                "carbohydrates": 53,
                "calories": 420,
                "price": 1255,
                "image": "https://code.s3.yandex.net/react/code/bun-02.png",
                "image_mobile": "https://code.s3.yandex.net/react/code/bun-02-mobile.png",
                "image_large": "https://code.s3.yandex.net/react/code/bun-02-large.png",
                "__v": 0
            },
            {
                "_id": "61c0c5a71d1f82001bdaaa75",
                "name": "Соус с шипами Антарианского плоскоходца",
                "type": "sauce",
                "proteins": 101,
                "fat": 99,
                "carbohydrates": 100,
                "calories": 100,
                "price": 88,
                "image": "https://code.s3.yandex.net/react/code/sauce-01.png",
                "image_mobile": "https://code.s3.yandex.net/react/code/sauce-01-mobile.png",
                "image_large": "https://code.s3.yandex.net/react/code/sauce-01-large.png",
                "__v": 0
            },
            {
                "_id": "61c0c5a71d1f82001bdaaa76",
                "name": "Хрустящие минеральные кольца",
                "type": "main",
                "proteins": 808,
                "fat": 689,
                "carbohydrates": 609,
                "calories": 986,
                "price": 300,
                "image": "https://code.s3.yandex.net/react/code/mineral_rings.png",
                "image_mobile": "https://code.s3.yandex.net/react/code/mineral_rings-mobile.png",
                "image_large": "https://code.s3.yandex.net/react/code/mineral_rings-large.png",
                "__v": 0
            },
            {
                "_id": "61c0c5a71d1f82001bdaaa77",
                "name": "Плоды Фалленианского дерева",
                "type": "main",
                "proteins": 20,
                "fat": 5,
                "carbohydrates": 55,
                "calories": 77,
                "price": 874,
                "image": "https://code.s3.yandex.net/react/code/sp_1.png",
                "image_mobile": "https://code.s3.yandex.net/react/code/sp_1-mobile.png",
                "image_large": "https://code.s3.yandex.net/react/code/sp_1-large.png",
                "__v": 0
            },
            {
                "_id": "61c0c5a71d1f82001bdaaa78",
                "name": "Кристаллы марсианских альфа-сахаридов",
                "type": "main",
                "proteins": 234,
                "fat": 432,
                "carbohydrates": 111,
                "calories": 189,
                "price": 762,
                "image": "https://code.s3.yandex.net/react/code/core.png",
                "image_mobile": "https://code.s3.yandex.net/react/code/core-mobile.png",
                "image_large": "https://code.s3.yandex.net/react/code/core-large.png",
                "__v": 0
            },
            {
                "_id": "61c0c5a71d1f82001bdaaa79",
                "name": "Мини-салат Экзо-Плантаго",
                "type": "main",
                "proteins": 1,
                "fat": 2,
                "carbohydrates": 3,
                "calories": 6,
                "price": 4400,
                "image": "https://code.s3.yandex.net/react/code/salad.png",
                "image_mobile": "https://code.s3.yandex.net/react/code/salad-mobile.png",
                "image_large": "https://code.s3.yandex.net/react/code/salad-large.png",
                "__v": 0
            },
            {
                "_id": "61c0c5a71d1f82001bdaaa7a",
                "name": "Сыр с астероидной плесенью",
                "type": "main",
                "proteins": 84,
                "fat": 48,
                "carbohydrates": 420,
                "calories": 3377,
                "price": 4142,
                "image": "https://code.s3.yandex.net/react/code/cheese.png",
                "image_mobile": "https://code.s3.yandex.net/react/code/cheese-mobile.png",
                "image_large": "https://code.s3.yandex.net/react/code/cheese-large.png",
                "__v": 0
            }
        ],
        "_id": "65edb1719ed280001b3c9ec9",
        "owner": {
            "name": "Blondell Wilderman",
            "email": "jonah.schultz@yandex.ru",
            "createdAt": "2024-03-10T13:11:12.428Z",
            "updatedAt": "2024-03-10T13:11:12.428Z"
        },
        "status": "done",
        "name": "Экзо-плантаго альфа-сахаридный минеральный space традиционный-галактический флюоресцентный фалленианский люминесцентный spicy метеоритный краторный антарианский бессмертный био-марсианский астероидный бургер",
        "createdAt": "2024-03-10T13:11:13.003Z",
        "updatedAt": "2024-03-10T13:11:13.319Z",
        "number": 44637,
        "price": 18743
    }
}
Request method:	DELETE
Request URI:	https://stellarburgers.nomoreparties.site/api/auth/user
Proxy:			<none>
Request params:	<none>
Query params:	<none>
Form params:	<none>
Path params:	<none>
Headers:		Authorization=Bearer eyJhbGciOiJIUzI1NiIsInR5cCI6IkpXVCJ9.eyJpZCI6IjY1ZWRiMTcwOWVkMjgwMDAxYjNjOWVjNiIsImlhdCI6MTcxMDA3NjI3MiwiZXhwIjoxNzEwMDc3NDcyfQ.FhwP8KaC2XKuqVvv0VzGhUYYkhksB7wSEiQRr8VQbSY
				Accept=*/*
				Content-Type=application/json
Cookies:		<none>
Multiparts:		<none>
Body:
{
    "email": "jonah.schultz@yandex.ru",
    "password": "ILWysdhrzY",
    "name": "Blondell Wilderman"
}
HTTP/1.1 202 Accepted
Date: Sun, 10 Mar 2024 13:11:14 GMT
Content-Type: application/json; charset=utf-8
Content-Length: 54
Connection: keep-alive
X-Powered-By: Express
Access-Control-Allow-Origin: *
ETag: W/"36-hDmZnQ3Ou/ynnqAeC6TYmyseuzY"
CF-Cache-Status: DYNAMIC
Report-To: {"endpoints":[{"url":"https:\/\/a.nel.cloudflare.com\/report\/v3?s=uQg67WSHKj4j54jiOlmcS%2B9aYlpsEw4JqJ3F4G4Nm2iB34CcQ4VT9OlbhwZDap0keu9N4%2Bzurm0S6WuiGz10LQgj0zPIUOrTY%2BrC4CjcPgYt%2FwWtLPsXKSrBrHrfJcUcb3Y9rTDjBgQNoa5%2FERzBVGpSRxk%3D"}],"group":"cf-nel","max_age":604800}
NEL: {"success_fraction":0,"report_to":"cf-nel","max_age":604800}
Server: cloudflare
CF-RAY: 86238ca76a0a65d1-FRA
alt-svc: h3=":443"; ma=86400

{
    "success": true,
    "message": "User successfully removed"
}
]]></system-out>
  </testcase>
  <testcase name="createOrderWithoutIngredient" classname="praktikum.model.CreateOrderTest" time="1.635">
    <system-out><![CDATA[Request method:	POST
Request URI:	https://stellarburgers.nomoreparties.site/api/auth/register
Proxy:			<none>
Request params:	<none>
Query params:	<none>
Form params:	<none>
Path params:	<none>
Headers:		Accept=*/*
				Content-Type=application/json
Cookies:		<none>
Multiparts:		<none>
Body:
{
    "email": "harvey.lubowitz@yandex.ru",
    "password": "gUEVDrRPWb",
    "name": "Meredith Effertz"
}
HTTP/1.1 200 OK
Date: Sun, 10 Mar 2024 13:11:14 GMT
Content-Type: application/json; charset=utf-8
Transfer-Encoding: chunked
Connection: keep-alive
X-Powered-By: Express
Access-Control-Allow-Origin: *
authorization: Bearer eyJhbGciOiJIUzI1NiIsInR5cCI6IkpXVCJ9.eyJpZCI6IjY1ZWRiMTcyOWVkMjgwMDAxYjNjOWVjYyIsImlhdCI6MTcxMDA3NjI3NCwiZXhwIjoxNzEwMDc3NDc0fQ.p6peCGJaDVuFMHxlLChfbIHUh0HmpH2Vkeyu4KxMaw0
ETag: W/"17c-stLmtcAWtI1nenIfOgRLCqlfjGo"
CF-Cache-Status: DYNAMIC
Report-To: {"endpoints":[{"url":"https:\/\/a.nel.cloudflare.com\/report\/v3?s=UYBNdzNzHFpy%2FHnAZH9hBnpryL5w6u7L1tlVS%2FiX0qq%2Fw40kF0zd8KtOJx9F7Hh38ve%2B7WBaAImx%2Bb2B2ztmSLx6jV2FMNAoGIFY1eSPM9%2FLIHAidO7fb1nNwsilLxAlXriClVZEUlvSEhb4U1vgoiVEBRo%3D"}],"group":"cf-nel","max_age":604800}
NEL: {"success_fraction":0,"report_to":"cf-nel","max_age":604800}
Server: cloudflare
CF-RAY: 86238cab89a59bbf-FRA
Content-Encoding: gzip
alt-svc: h3=":443"; ma=86400

{
    "success": true,
    "user": {
        "email": "harvey.lubowitz@yandex.ru",
        "name": "Meredith Effertz"
    },
    "accessToken": "Bearer eyJhbGciOiJIUzI1NiIsInR5cCI6IkpXVCJ9.eyJpZCI6IjY1ZWRiMTcyOWVkMjgwMDAxYjNjOWVjYyIsImlhdCI6MTcxMDA3NjI3NCwiZXhwIjoxNzEwMDc3NDc0fQ.p6peCGJaDVuFMHxlLChfbIHUh0HmpH2Vkeyu4KxMaw0",
    "refreshToken": "553328923cce241317a21d6ea20e74542ae977a3feb33820ab230e1debb56adfa7a8f57fd481d1be"
}
Request method:	POST
Request URI:	https://stellarburgers.nomoreparties.site/api/auth/login
Proxy:			<none>
Request params:	<none>
Query params:	<none>
Form params:	<none>
Path params:	<none>
Headers:		Accept=*/*
				Content-Type=application/json
Cookies:		<none>
Multiparts:		<none>
Body:
{
    "email": "harvey.lubowitz@yandex.ru",
    "password": "gUEVDrRPWb",
    "name": "Meredith Effertz"
}
HTTP/1.1 200 OK
Date: Sun, 10 Mar 2024 13:11:14 GMT
Content-Type: application/json; charset=utf-8
Transfer-Encoding: chunked
Connection: keep-alive
X-Powered-By: Express
Access-Control-Allow-Origin: *
ETag: W/"17c-3FNPg+zLQXDHAzMs0ZOGKmO//mw"
CF-Cache-Status: DYNAMIC
Report-To: {"endpoints":[{"url":"https:\/\/a.nel.cloudflare.com\/report\/v3?s=hRvOlVqNx8or438mn8UvZDbCtQrheO92c99xpM3gL0CEuowIP6f%2FeNhMdBg9Cb234vnDAeIy%2B9XSMOc98T1HLDUr5D3bC2uPH02Pofoix%2BiZ2qaU3QdABtCw%2FVp2cXc%2FdKw9kNjiNkVNxVHoSvVH76UIHts%3D"}],"group":"cf-nel","max_age":604800}
NEL: {"success_fraction":0,"report_to":"cf-nel","max_age":604800}
Server: cloudflare
CF-RAY: 86238cadbd5e18d8-FRA
Content-Encoding: gzip
alt-svc: h3=":443"; ma=86400

{
    "success": true,
    "accessToken": "Bearer eyJhbGciOiJIUzI1NiIsInR5cCI6IkpXVCJ9.eyJpZCI6IjY1ZWRiMTcyOWVkMjgwMDAxYjNjOWVjYyIsImlhdCI6MTcxMDA3NjI3NCwiZXhwIjoxNzEwMDc3NDc0fQ.p6peCGJaDVuFMHxlLChfbIHUh0HmpH2Vkeyu4KxMaw0",
    "refreshToken": "7e840a2c6aeb355a2983af69b84f08c2c907b4e6f05010d39f2a787857a621f38273037b4606a034",
    "user": {
        "email": "harvey.lubowitz@yandex.ru",
        "name": "Meredith Effertz"
    }
}
Request method:	POST
Request URI:	https://stellarburgers.nomoreparties.site/api/orders
Proxy:			<none>
Request params:	<none>
Query params:	<none>
Form params:	<none>
Path params:	<none>
Headers:		Authorization=Bearer eyJhbGciOiJIUzI1NiIsInR5cCI6IkpXVCJ9.eyJpZCI6IjY1ZWRiMTcyOWVkMjgwMDAxYjNjOWVjYyIsImlhdCI6MTcxMDA3NjI3NCwiZXhwIjoxNzEwMDc3NDc0fQ.p6peCGJaDVuFMHxlLChfbIHUh0HmpH2Vkeyu4KxMaw0
				Accept=*/*
				Content-Type=application/json
Cookies:		<none>
Multiparts:		<none>
Body:
{
    
}
HTTP/1.1 400 Bad Request
Date: Sun, 10 Mar 2024 13:11:15 GMT
Content-Type: application/json; charset=utf-8
Content-Length: 61
Connection: keep-alive
X-Powered-By: Express
Access-Control-Allow-Origin: *
ETag: W/"3d-2OjyVsQbcrSKTjJtjBJ5FY7GEPQ"
CF-Cache-Status: DYNAMIC
Report-To: {"endpoints":[{"url":"https:\/\/a.nel.cloudflare.com\/report\/v3?s=YVK5JNSu77PGGe1IHDecLP1aT%2BxJVynw7yRlmO91bTh4FbbyjhXV2ql%2B%2BGZ%2FXP2D8i0G9%2BLDBPYAxslmdZad6qRWcyDqoHuRLEw2pXRiIeHsrr%2FGYyen5TiVOoMTn7qno4mun7IiOOXL0oBOQuc%2BlxRWcsA%3D"}],"group":"cf-nel","max_age":604800}
NEL: {"success_fraction":0,"report_to":"cf-nel","max_age":604800}
Server: cloudflare
CF-RAY: 86238cafe866bb79-FRA
alt-svc: h3=":443"; ma=86400

{
    "success": false,
    "message": "Ingredient ids must be provided"
}
HTTP/1.1 400 Bad Request
Date: Sun, 10 Mar 2024 13:11:15 GMT
Content-Type: application/json; charset=utf-8
Content-Length: 61
Connection: keep-alive
X-Powered-By: Express
Access-Control-Allow-Origin: *
ETag: W/"3d-2OjyVsQbcrSKTjJtjBJ5FY7GEPQ"
CF-Cache-Status: DYNAMIC
Report-To: {"endpoints":[{"url":"https:\/\/a.nel.cloudflare.com\/report\/v3?s=YVK5JNSu77PGGe1IHDecLP1aT%2BxJVynw7yRlmO91bTh4FbbyjhXV2ql%2B%2BGZ%2FXP2D8i0G9%2BLDBPYAxslmdZad6qRWcyDqoHuRLEw2pXRiIeHsrr%2FGYyen5TiVOoMTn7qno4mun7IiOOXL0oBOQuc%2BlxRWcsA%3D"}],"group":"cf-nel","max_age":604800}
NEL: {"success_fraction":0,"report_to":"cf-nel","max_age":604800}
Server: cloudflare
CF-RAY: 86238cafe866bb79-FRA
alt-svc: h3=":443"; ma=86400

{
    "success": false,
    "message": "Ingredient ids must be provided"
}
Request method:	DELETE
Request URI:	https://stellarburgers.nomoreparties.site/api/auth/user
Proxy:			<none>
Request params:	<none>
Query params:	<none>
Form params:	<none>
Path params:	<none>
Headers:		Authorization=Bearer eyJhbGciOiJIUzI1NiIsInR5cCI6IkpXVCJ9.eyJpZCI6IjY1ZWRiMTcyOWVkMjgwMDAxYjNjOWVjYyIsImlhdCI6MTcxMDA3NjI3NCwiZXhwIjoxNzEwMDc3NDc0fQ.p6peCGJaDVuFMHxlLChfbIHUh0HmpH2Vkeyu4KxMaw0
				Accept=*/*
				Content-Type=application/json
Cookies:		<none>
Multiparts:		<none>
Body:
{
    "email": "harvey.lubowitz@yandex.ru",
    "password": "gUEVDrRPWb",
    "name": "Meredith Effertz"
}
HTTP/1.1 202 Accepted
Date: Sun, 10 Mar 2024 13:11:15 GMT
Content-Type: application/json; charset=utf-8
Content-Length: 54
Connection: keep-alive
X-Powered-By: Express
Access-Control-Allow-Origin: *
ETag: W/"36-hDmZnQ3Ou/ynnqAeC6TYmyseuzY"
CF-Cache-Status: DYNAMIC
Report-To: {"endpoints":[{"url":"https:\/\/a.nel.cloudflare.com\/report\/v3?s=bWCk39GIbmEhZoBaF2Qbpd4GCm1GziTyB9xCJ58Xi12GI%2F6WFsUz%2Bw1ah4fZ3bGcVAuHlPrbSLKCNpLVy5Nyt5ajooreb37Rl4s8zgMnL0JopBlcqiUbSBlaJvCAUZ4O0DOftSyLb1nHzsTEZBxX13gsBMI%3D"}],"group":"cf-nel","max_age":604800}
NEL: {"success_fraction":0,"report_to":"cf-nel","max_age":604800}
Server: cloudflare
CF-RAY: 86238cb1a83791e1-FRA
alt-svc: h3=":443"; ma=86400

{
    "success": true,
    "message": "User successfully removed"
}
]]></system-out>
  </testcase>
  <testcase name="createOrderWithoutLogin" classname="praktikum.model.CreateOrderTest" time="1.575">
    <system-out><![CDATA[Request method:	POST
Request URI:	https://stellarburgers.nomoreparties.site/api/auth/register
Proxy:			<none>
Request params:	<none>
Query params:	<none>
Form params:	<none>
Path params:	<none>
Headers:		Accept=*/*
				Content-Type=application/json
Cookies:		<none>
Multiparts:		<none>
Body:
{
    "email": "moshe.davis@yandex.ru",
    "password": "cgcbSkoaeU",
    "name": "Oralee Walker"
}
HTTP/1.1 200 OK
Date: Sun, 10 Mar 2024 13:11:16 GMT
Content-Type: application/json; charset=utf-8
Transfer-Encoding: chunked
Connection: keep-alive
X-Powered-By: Express
Access-Control-Allow-Origin: *
authorization: Bearer eyJhbGciOiJIUzI1NiIsInR5cCI6IkpXVCJ9.eyJpZCI6IjY1ZWRiMTc0OWVkMjgwMDAxYjNjOWVjZiIsImlhdCI6MTcxMDA3NjI3NiwiZXhwIjoxNzEwMDc3NDc2fQ.Fl3rhbYdHrrMe_JZlJXNqzgxWKL3w1tdFG09VbnbGFI
ETag: W/"175-qpe+akvvJTAYVM6R49BiVGt/1J4"
CF-Cache-Status: DYNAMIC
Report-To: {"endpoints":[{"url":"https:\/\/a.nel.cloudflare.com\/report\/v3?s=DAH7cgkz4bowuY%2FlWmP4STFrwM5Kch6%2BK6L9S2kUPEMBOwD2IbKMOzEEX04DEhoecVleoOkS0qgPfL1HoTuR3rYpTW56OyHu%2Fm1%2FiPLeCZSCos5wMesYyRos23u9o71oVuBBq0wDTnXpMe7%2BM7ArR9DVyug%3D"}],"group":"cf-nel","max_age":604800}
NEL: {"success_fraction":0,"report_to":"cf-nel","max_age":604800}
Server: cloudflare
CF-RAY: 86238cb5dd981cbd-FRA
Content-Encoding: gzip
alt-svc: h3=":443"; ma=86400

{
    "success": true,
    "user": {
        "email": "moshe.davis@yandex.ru",
        "name": "Oralee Walker"
    },
    "accessToken": "Bearer eyJhbGciOiJIUzI1NiIsInR5cCI6IkpXVCJ9.eyJpZCI6IjY1ZWRiMTc0OWVkMjgwMDAxYjNjOWVjZiIsImlhdCI6MTcxMDA3NjI3NiwiZXhwIjoxNzEwMDc3NDc2fQ.Fl3rhbYdHrrMe_JZlJXNqzgxWKL3w1tdFG09VbnbGFI",
    "refreshToken": "28921da95e355f614eaa19bc9861ea85767c43901dacc60162501696adaab45f65d87cf159e62b29"
}
Request method:	POST
Request URI:	https://stellarburgers.nomoreparties.site/api/auth/login
Proxy:			<none>
Request params:	<none>
Query params:	<none>
Form params:	<none>
Path params:	<none>
Headers:		Accept=*/*
				Content-Type=application/json
Cookies:		<none>
Multiparts:		<none>
Body:
{
    "email": "moshe.davis@yandex.ru",
    "password": "cgcbSkoaeU",
    "name": "Oralee Walker"
}
HTTP/1.1 200 OK
Date: Sun, 10 Mar 2024 13:11:16 GMT
Content-Type: application/json; charset=utf-8
Transfer-Encoding: chunked
Connection: keep-alive
X-Powered-By: Express
Access-Control-Allow-Origin: *
ETag: W/"175-wZvXstVLZ9/bA8FqbZqLHENmCjM"
CF-Cache-Status: DYNAMIC
Report-To: {"endpoints":[{"url":"https:\/\/a.nel.cloudflare.com\/report\/v3?s=d%2BaQaFyZORtSbVODIgM%2FMqFfkz5Bx0L0lNb1JP%2FOClpGvX6TFfMVJTUc8Ryqy2PnAWEnsRxsDPJQq%2FJ%2B4b6x70cjmxIytcs6A7F2kJu%2FXcRFrWozYqfoBGMzsdYf2IvoR%2BhllHULmbnF5ctL45efjDxtrE0%3D"}],"group":"cf-nel","max_age":604800}
NEL: {"success_fraction":0,"report_to":"cf-nel","max_age":604800}
Server: cloudflare
CF-RAY: 86238cb7aef83643-FRA
Content-Encoding: gzip
alt-svc: h3=":443"; ma=86400

{
    "success": true,
    "accessToken": "Bearer eyJhbGciOiJIUzI1NiIsInR5cCI6IkpXVCJ9.eyJpZCI6IjY1ZWRiMTc0OWVkMjgwMDAxYjNjOWVjZiIsImlhdCI6MTcxMDA3NjI3NiwiZXhwIjoxNzEwMDc3NDc2fQ.Fl3rhbYdHrrMe_JZlJXNqzgxWKL3w1tdFG09VbnbGFI",
    "refreshToken": "e46d6592f277bb6fc6fdb5d9a8c292341a9274aa5af71fc188cc5b6b783f55b0cc0382a0ceaf4f07",
    "user": {
        "email": "moshe.davis@yandex.ru",
        "name": "Oralee Walker"
    }
}
Request method:	POST
Request URI:	https://stellarburgers.nomoreparties.site/api/orders
Proxy:			<none>
Request params:	<none>
Query params:	<none>
Form params:	<none>
Path params:	<none>
Headers:		Accept=*/*
				Content-Type=application/json
Cookies:		<none>
Multiparts:		<none>
Body:
{
    "ingredients": [
        "61c0c5a71d1f82001bdaaa6d",
        "61c0c5a71d1f82001bdaaa6f",
        "61c0c5a71d1f82001bdaaa70",
        "61c0c5a71d1f82001bdaaa71",
        "61c0c5a71d1f82001bdaaa72",
        "61c0c5a71d1f82001bdaaa6e",
        "61c0c5a71d1f82001bdaaa73",
        "61c0c5a71d1f82001bdaaa74",
        "61c0c5a71d1f82001bdaaa6c",
        "61c0c5a71d1f82001bdaaa75",
        "61c0c5a71d1f82001bdaaa76",
        "61c0c5a71d1f82001bdaaa77",
        "61c0c5a71d1f82001bdaaa78",
        "61c0c5a71d1f82001bdaaa79",
        "61c0c5a71d1f82001bdaaa7a"
    ]
}
HTTP/1.1 200 OK
Date: Sun, 10 Mar 2024 13:11:16 GMT
Content-Type: application/json; charset=utf-8
Transfer-Encoding: chunked
Connection: keep-alive
X-Powered-By: Express
Access-Control-Allow-Origin: *
ETag: W/"1b3-VhOasJg9T5zsqvw2ipVu0Ljn5BE"
CF-Cache-Status: DYNAMIC
Report-To: {"endpoints":[{"url":"https:\/\/a.nel.cloudflare.com\/report\/v3?s=iCDuT1AS%2BC0n71SaJENvGMIyOvK3QlxDAJREjmy4D%2Bo2p3K7ccSvquEivgwJRY5CEidFZapA3fAwysSTMIakWkrGSb1pNfmrPeHwHS52RbJXXnRyr0Ki%2FnFuPwKEXumDsj8mPWRJGv6TdwJgpLAdZ3f%2Ffzw%3D"}],"group":"cf-nel","max_age":604800}
NEL: {"success_fraction":0,"report_to":"cf-nel","max_age":604800}
Server: cloudflare
CF-RAY: 86238cb98afd8ef5-FRA
Content-Encoding: gzip
alt-svc: h3=":443"; ma=86400

{
    "success": true,
    "name": "Экзо-плантаго альфа-сахаридный минеральный space традиционный-галактический флюоресцентный фалленианский люминесцентный spicy метеоритный краторный антарианский бессмертный био-марсианский астероидный бургер",
    "order": {
        "number": 2046
    }
}
Request method:	DELETE
Request URI:	https://stellarburgers.nomoreparties.site/api/auth/user
Proxy:			<none>
Request params:	<none>
Query params:	<none>
Form params:	<none>
Path params:	<none>
Headers:		Authorization=Bearer eyJhbGciOiJIUzI1NiIsInR5cCI6IkpXVCJ9.eyJpZCI6IjY1ZWRiMTc0OWVkMjgwMDAxYjNjOWVjZiIsImlhdCI6MTcxMDA3NjI3NiwiZXhwIjoxNzEwMDc3NDc2fQ.Fl3rhbYdHrrMe_JZlJXNqzgxWKL3w1tdFG09VbnbGFI
				Accept=*/*
				Content-Type=application/json
Cookies:		<none>
Multiparts:		<none>
Body:
{
    "email": "moshe.davis@yandex.ru",
    "password": "cgcbSkoaeU",
    "name": "Oralee Walker"
}
HTTP/1.1 202 Accepted
Date: Sun, 10 Mar 2024 13:11:17 GMT
Content-Type: application/json; charset=utf-8
Content-Length: 54
Connection: keep-alive
X-Powered-By: Express
Access-Control-Allow-Origin: *
ETag: W/"36-hDmZnQ3Ou/ynnqAeC6TYmyseuzY"
CF-Cache-Status: DYNAMIC
Report-To: {"endpoints":[{"url":"https:\/\/a.nel.cloudflare.com\/report\/v3?s=xEvrydYMrjGpnNcJCyOK%2FWS2snpXZZRW7vzfQonWv4CXP28fhwyanFrD1Czi94saipqNhVu7vP%2FKW22Xv02TShtrpqzTUyf8rlJTUGW5X5PeR0Zsj6vcSdv6l9pVabPzOGanZWmfjlSuZ4h6K%2BhNNkBak6M%3D"}],"group":"cf-nel","max_age":604800}
NEL: {"success_fraction":0,"report_to":"cf-nel","max_age":604800}
Server: cloudflare
CF-RAY: 86238cbb99bf1957-FRA
alt-svc: h3=":443"; ma=86400

{
    "success": true,
    "message": "User successfully removed"
}
]]></system-out>
  </testcase>
</testsuite>