<?xml version="1.0" encoding="UTF-8"?>
<testsuite xmlns:xsi="http://www.w3.org/2001/XMLSchema-instance" xsi:noNamespaceSchemaLocation="https://maven.apache.org/surefire/maven-surefire-plugin/xsd/surefire-test-report-3.0.xsd" version="3.0" name="praktikum.model.LoginUserTest" time="3.074" tests="3" errors="0" skipped="0" failures="0">
  <properties>
[...]
</properties>
  <testcase name="loginUser" classname="praktikum.model.LoginUserTest" time="0.985">
    <system-out><![CDATA[Request method:	POST
Request URI:	https://stellarburgers.nomoreparties.site/api/auth/register
Proxy:			<none>
Request params:	<none>
Query params:	<none>
Form params:	<none>
Path params:	<none>
Headers:		Accept=*/*
				Content-Type=application/json
Cookies:		<none>
Multiparts:		<none>
Body:
{
    "email": "sixta.weber@yandex.ru",
    "password": "VIMXeLMBbl",
    "name": "Chery Sporer"
}
HTTP/1.1 200 OK
Date: Sun, 10 Mar 2024 13:56:39 GMT
Content-Type: application/json; charset=utf-8
Transfer-Encoding: chunked
Connection: keep-alive
X-Powered-By: Express
Access-Control-Allow-Origin: *
authorization: Bearer eyJhbGciOiJIUzI1NiIsInR5cCI6IkpXVCJ9.eyJpZCI6IjY1ZWRiYzE3OWVkMjgwMDAxYjNjYTAxMiIsImlhdCI6MTcxMDA3ODk5OSwiZXhwIjoxNzEwMDgwMTk5fQ.DWgBcchOSljfk9uoUwUF951tbeSuQ4cZrMGQinpb9dk
ETag: W/"174-GpHS9QpuimvWdxjhvSZCKP2YRzA"
CF-Cache-Status: DYNAMIC
Report-To: {"endpoints":[{"url":"https:\/\/a.nel.cloudflare.com\/report\/v3?s=SpQZ5ATIImmE4fXqKUsMI6YFYmi3t8tFjZFc8jU9tWVhmByA54KJP8yAAfBxEbKghTxCxhAZXvmhR67n36FqNKeJQjO4BqGyDCP0HQ5tKjHPtadg9xcAVQ59U4UQl2DTnYf9RNQ4Ue7SERzzRSVhVoy0knc%3D"}],"group":"cf-nel","max_age":604800}
NEL: {"success_fraction":0,"report_to":"cf-nel","max_age":604800}
Server: cloudflare
CF-RAY: 8623cf313b319106-FRA
Content-Encoding: gzip
alt-svc: h3=":443"; ma=86400

{
    "success": true,
    "user": {
        "email": "sixta.weber@yandex.ru",
        "name": "Chery Sporer"
    },
    "accessToken": "Bearer eyJhbGciOiJIUzI1NiIsInR5cCI6IkpXVCJ9.eyJpZCI6IjY1ZWRiYzE3OWVkMjgwMDAxYjNjYTAxMiIsImlhdCI6MTcxMDA3ODk5OSwiZXhwIjoxNzEwMDgwMTk5fQ.DWgBcchOSljfk9uoUwUF951tbeSuQ4cZrMGQinpb9dk",
    "refreshToken": "1f6cb3053134c4c0e3393766303b7e6b36af2dc96fdc0c262f4ff3fb883864ee3465500aa825fd9e"
}
Request method:	POST
Request URI:	https://stellarburgers.nomoreparties.site/api/auth/login
Proxy:			<none>
Request params:	<none>
Query params:	<none>
Form params:	<none>
Path params:	<none>
Headers:		Accept=*/*
				Content-Type=application/json
Cookies:		<none>
Multiparts:		<none>
Body:
{
    "email": "sixta.weber@yandex.ru",
    "password": "VIMXeLMBbl",
    "name": "Chery Sporer"
}
HTTP/1.1 200 OK
Date: Sun, 10 Mar 2024 13:56:39 GMT
Content-Type: application/json; charset=utf-8
Transfer-Encoding: chunked
Connection: keep-alive
X-Powered-By: Express
Access-Control-Allow-Origin: *
ETag: W/"174-BbZHdOtL74SNzUHV1wLkZVbG4L8"
CF-Cache-Status: DYNAMIC
Report-To: {"endpoints":[{"url":"https:\/\/a.nel.cloudflare.com\/report\/v3?s=m5cbrQZ4X6AStOrEafgcC7Oj5%2FCQCdqdgHckC1KSn3bsIhcFqxVLh9%2FYwmeBgNLfYpr7G7dt9zKStCQ4rZ6WF%2BKB4RRTdX8YtSYKGcJH2DTFkS%2FJCA5b1uEqbzXFFpU7C838zkdtDUmlmNaF5dFwkGvWnh8%3D"}],"group":"cf-nel","max_age":604800}
NEL: {"success_fraction":0,"report_to":"cf-nel","max_age":604800}
Server: cloudflare
CF-RAY: 8623cf331d469bce-FRA
Content-Encoding: gzip
alt-svc: h3=":443"; ma=86400

{
    "success": true,
    "accessToken": "Bearer eyJhbGciOiJIUzI1NiIsInR5cCI6IkpXVCJ9.eyJpZCI6IjY1ZWRiYzE3OWVkMjgwMDAxYjNjYTAxMiIsImlhdCI6MTcxMDA3ODk5OSwiZXhwIjoxNzEwMDgwMTk5fQ.DWgBcchOSljfk9uoUwUF951tbeSuQ4cZrMGQinpb9dk",
    "refreshToken": "32799f0d779b70b3d79678e81d5186796c9eb133b37be8a5af316641a9263384d672d7737888ef26",
    "user": {
        "email": "sixta.weber@yandex.ru",
        "name": "Chery Sporer"
    }
}
Request method:	DELETE
Request URI:	https://stellarburgers.nomoreparties.site/api/auth/user
Proxy:			<none>
Request params:	<none>
Query params:	<none>
Form params:	<none>
Path params:	<none>
Headers:		Authorization=Bearer eyJhbGciOiJIUzI1NiIsInR5cCI6IkpXVCJ9.eyJpZCI6IjY1ZWRiYzE3OWVkMjgwMDAxYjNjYTAxMiIsImlhdCI6MTcxMDA3ODk5OSwiZXhwIjoxNzEwMDgwMTk5fQ.DWgBcchOSljfk9uoUwUF951tbeSuQ4cZrMGQinpb9dk
				Accept=*/*
				Content-Type=application/json
Cookies:		<none>
Multiparts:		<none>
Body:
{
    "email": "sixta.weber@yandex.ru",
    "password": "VIMXeLMBbl",
    "name": "Chery Sporer"
}
HTTP/1.1 202 Accepted
Date: Sun, 10 Mar 2024 13:56:40 GMT
Content-Type: application/json; charset=utf-8
Content-Length: 54
Connection: keep-alive
X-Powered-By: Express
Access-Control-Allow-Origin: *
ETag: W/"36-hDmZnQ3Ou/ynnqAeC6TYmyseuzY"
CF-Cache-Status: DYNAMIC
Report-To: {"endpoints":[{"url":"https:\/\/a.nel.cloudflare.com\/report\/v3?s=OtWj3JdvR4ALvlH4msX0LNHoH1ZL%2FBS5TpYvs%2BDqzfsQd%2BABLdFCtGXS7ZQ27TV4WgIBBwX%2FfAejrhnxmlf%2B1vD4gpGjWE3%2FiL8AMy2yfs6iLOhBk9CMNP9gh3ITMVJBLRlpSETjuCCTRyGBkUvr7pu59ck%3D"}],"group":"cf-nel","max_age":604800}
NEL: {"success_fraction":0,"report_to":"cf-nel","max_age":604800}
Server: cloudflare
CF-RAY: 8623cf34da1d65a6-FRA
alt-svc: h3=":443"; ma=86400

{
    "success": true,
    "message": "User successfully removed"
}
]]></system-out>
  </testcase>
  <testcase name="loginUserWithIncorrectEmail" classname="praktikum.model.LoginUserTest" time="0.997">
    <system-out><![CDATA[Request method:	POST
Request URI:	https://stellarburgers.nomoreparties.site/api/auth/register
Proxy:			<none>
Request params:	<none>
Query params:	<none>
Form params:	<none>
Path params:	<none>
Headers:		Accept=*/*
				Content-Type=application/json
Cookies:		<none>
Multiparts:		<none>
Body:
{
    "email": "velvet.upton@yandex.ru",
    "password": "ExJlXYoKBE",
    "name": "Jamie Fahey"
}
HTTP/1.1 200 OK
Date: Sun, 10 Mar 2024 13:56:40 GMT
Content-Type: application/json; charset=utf-8
Transfer-Encoding: chunked
Connection: keep-alive
X-Powered-By: Express
Access-Control-Allow-Origin: *
authorization: Bearer eyJhbGciOiJIUzI1NiIsInR5cCI6IkpXVCJ9.eyJpZCI6IjY1ZWRiYzE4OWVkMjgwMDAxYjNjYTAxNSIsImlhdCI6MTcxMDA3OTAwMCwiZXhwIjoxNzEwMDgwMjAwfQ.qJUY59dRDDPkLLFvW-HXCJaJzgO2_kMuii2_jEOsxnE
ETag: W/"174-zNp9GRhWolrE9pilVI+WM0/T9k4"
CF-Cache-Status: DYNAMIC
Report-To: {"endpoints":[{"url":"https:\/\/a.nel.cloudflare.com\/report\/v3?s=otPzLvZ2BZgfFZrlH2jnIkLQXyMIe1h7YX1FJPFya%2ByFYg%2B5udw7v7W7CsKhZ7xb5G%2FbUa1XS0m18NiQbwoknT3H%2FD49XCnHIiDyENEwSwBVZm7lfVF447xkuGpQoUrJqxue9iULbmagptEZ0R2rkN6OR9U%3D"}],"group":"cf-nel","max_age":604800}
NEL: {"success_fraction":0,"report_to":"cf-nel","max_age":604800}
Server: cloudflare
CF-RAY: 8623cf376ce030c4-FRA
Content-Encoding: gzip
alt-svc: h3=":443"; ma=86400

{
    "success": true,
    "user": {
        "email": "velvet.upton@yandex.ru",
        "name": "Jamie Fahey"
    },
    "accessToken": "Bearer eyJhbGciOiJIUzI1NiIsInR5cCI6IkpXVCJ9.eyJpZCI6IjY1ZWRiYzE4OWVkMjgwMDAxYjNjYTAxNSIsImlhdCI6MTcxMDA3OTAwMCwiZXhwIjoxNzEwMDgwMjAwfQ.qJUY59dRDDPkLLFvW-HXCJaJzgO2_kMuii2_jEOsxnE",
    "refreshToken": "821d155a67758700532b34482288628e2797ced0fb4db9dc0feb7367f8075355e2136aacf5bfc60f"
}
Request method:	POST
Request URI:	https://stellarburgers.nomoreparties.site/api/auth/login
Proxy:			<none>
Request params:	<none>
Query params:	<none>
Form params:	<none>
Path params:	<none>
Headers:		Accept=*/*
				Content-Type=application/json
Cookies:		<none>
Multiparts:		<none>
Body:
{
    "email": "LmJLsdZM@yandex.ru",
    "password": "ExJlXYoKBE",
    "name": "Jamie Fahey"
}
HTTP/1.1 401 Unauthorized
Date: Sun, 10 Mar 2024 13:56:40 GMT
Content-Type: application/json; charset=utf-8
Content-Length: 61
Connection: keep-alive
X-Powered-By: Express
Access-Control-Allow-Origin: *
ETag: W/"3d-ad9nrqlzQBuoZ0AId1U3rIgKU84"
CF-Cache-Status: DYNAMIC
Report-To: {"endpoints":[{"url":"https:\/\/a.nel.cloudflare.com\/report\/v3?s=DZDVdnzw%2FR9OmWanhUkPTV%2FZ4OODPSICkDTy6d43ra5b3B1s5ZwYMt1DwS9tbeJH5t%2Bd1dDcDfyqL9OT5VBZy2mOmPR7Lxt%2BSZgkB0HQK%2BR%2BPHl650wB4Te0GOqWFZcnywyin6BYN2z%2Buv2gHgzDKCGDzkw%3D"}],"group":"cf-nel","max_age":604800}
NEL: {"success_fraction":0,"report_to":"cf-nel","max_age":604800}
Server: cloudflare
CF-RAY: 8623cf394caebb5f-FRA
alt-svc: h3=":443"; ma=86400

{
    "success": false,
    "message": "email or password are incorrect"
}
HTTP/1.1 401 Unauthorized
Date: Sun, 10 Mar 2024 13:56:40 GMT
Content-Type: application/json; charset=utf-8
Content-Length: 61
Connection: keep-alive
X-Powered-By: Express
Access-Control-Allow-Origin: *
ETag: W/"3d-ad9nrqlzQBuoZ0AId1U3rIgKU84"
CF-Cache-Status: DYNAMIC
Report-To: {"endpoints":[{"url":"https:\/\/a.nel.cloudflare.com\/report\/v3?s=DZDVdnzw%2FR9OmWanhUkPTV%2FZ4OODPSICkDTy6d43ra5b3B1s5ZwYMt1DwS9tbeJH5t%2Bd1dDcDfyqL9OT5VBZy2mOmPR7Lxt%2BSZgkB0HQK%2BR%2BPHl650wB4Te0GOqWFZcnywyin6BYN2z%2Buv2gHgzDKCGDzkw%3D"}],"group":"cf-nel","max_age":604800}
NEL: {"success_fraction":0,"report_to":"cf-nel","max_age":604800}
Server: cloudflare
CF-RAY: 8623cf394caebb5f-FRA
alt-svc: h3=":443"; ma=86400

{
    "success": false,
    "message": "email or password are incorrect"
}
Request method:	DELETE
Request URI:	https://stellarburgers.nomoreparties.site/api/auth/user
Proxy:			<none>
Request params:	<none>
Query params:	<none>
Form params:	<none>
Path params:	<none>
Headers:		Authorization=Bearer eyJhbGciOiJIUzI1NiIsInR5cCI6IkpXVCJ9.eyJpZCI6IjY1ZWRiYzE4OWVkMjgwMDAxYjNjYTAxNSIsImlhdCI6MTcxMDA3OTAwMCwiZXhwIjoxNzEwMDgwMjAwfQ.qJUY59dRDDPkLLFvW-HXCJaJzgO2_kMuii2_jEOsxnE
				Accept=*/*
				Content-Type=application/json
Cookies:		<none>
Multiparts:		<none>
Body:
{
    "email": "LmJLsdZM@yandex.ru",
    "password": "ExJlXYoKBE",
    "name": "Jamie Fahey"
}
HTTP/1.1 202 Accepted
Date: Sun, 10 Mar 2024 13:56:41 GMT
Content-Type: application/json; charset=utf-8
Content-Length: 54
Connection: keep-alive
X-Powered-By: Express
Access-Control-Allow-Origin: *
ETag: W/"36-hDmZnQ3Ou/ynnqAeC6TYmyseuzY"
CF-Cache-Status: DYNAMIC
Report-To: {"endpoints":[{"url":"https:\/\/a.nel.cloudflare.com\/report\/v3?s=RV%2B%2Bo9W21rO0mc5D3AUpeeSYWDYhC9aijJj5nUHO9v%2F37%2FVHg%2Bxoesfbt6VQPgVa%2Bw%2BFoWfFFjUZgqPQ%2Bc4hWA7PyrVq9IBt7%2FZry%2BARl0WJWFNWmsFUjB1UOrI1hMYEPkLgwRFClrVmcwI%2B%2FeaAMY41Zm4%3D"}],"group":"cf-nel","max_age":604800}
NEL: {"success_fraction":0,"report_to":"cf-nel","max_age":604800}
Server: cloudflare
CF-RAY: 8623cf3b19ff2c7a-FRA
alt-svc: h3=":443"; ma=86400

{
    "success": true,
    "message": "User successfully removed"
}
]]></system-out>
  </testcase>
  <testcase name="loginUserWithIncorrectPassword" classname="praktikum.model.LoginUserTest" time="1.085">
    <system-out><![CDATA[Request method:	POST
Request URI:	https://stellarburgers.nomoreparties.site/api/auth/register
Proxy:			<none>
Request params:	<none>
Query params:	<none>
Form params:	<none>
Path params:	<none>
Headers:		Accept=*/*
				Content-Type=application/json
Cookies:		<none>
Multiparts:		<none>
Body:
{
    "email": "aurelio.kerluke@yandex.ru",
    "password": "evjaikKxjl",
    "name": "Raelene Leuschke"
}
HTTP/1.1 200 OK
Date: Sun, 10 Mar 2024 13:56:41 GMT
Content-Type: application/json; charset=utf-8
Transfer-Encoding: chunked
Connection: keep-alive
X-Powered-By: Express
Access-Control-Allow-Origin: *
authorization: Bearer eyJhbGciOiJIUzI1NiIsInR5cCI6IkpXVCJ9.eyJpZCI6IjY1ZWRiYzE5OWVkMjgwMDAxYjNjYTAxNyIsImlhdCI6MTcxMDA3OTAwMSwiZXhwIjoxNzEwMDgwMjAxfQ.EpkIrq_YxXxXa-wVmfqtDB7POWG0wdhpqnNRFxgtqPc
ETag: W/"17c-/N6OWG4jIxGP/8Ij7GClfYflxm0"
CF-Cache-Status: DYNAMIC
Report-To: {"endpoints":[{"url":"https:\/\/a.nel.cloudflare.com\/report\/v3?s=fVT9GgM25si3%2F9mgR5goPCtGdeHEmnBpCZwGU%2Fv%2BeSGH1vtribjBOXOrAk9kNFE5VmRvpyDTBIbHzsjTCbP9TID4SX9n5S34jJzvY5pjX2qgGdXoKq9ssIO%2FEas9nFXmSP4nFpKQNKKTke8Cl5%2BQscqPqWo%3D"}],"group":"cf-nel","max_age":604800}
NEL: {"success_fraction":0,"report_to":"cf-nel","max_age":604800}
Server: cloudflare
CF-RAY: 8623cf3db8ef2bcb-FRA
Content-Encoding: gzip
alt-svc: h3=":443"; ma=86400

{
    "success": true,
    "user": {
        "email": "aurelio.kerluke@yandex.ru",
        "name": "Raelene Leuschke"
    },
    "accessToken": "Bearer eyJhbGciOiJIUzI1NiIsInR5cCI6IkpXVCJ9.eyJpZCI6IjY1ZWRiYzE5OWVkMjgwMDAxYjNjYTAxNyIsImlhdCI6MTcxMDA3OTAwMSwiZXhwIjoxNzEwMDgwMjAxfQ.EpkIrq_YxXxXa-wVmfqtDB7POWG0wdhpqnNRFxgtqPc",
    "refreshToken": "8f66cb7e686afe65afb2e06ab707207229c53ce1ed83800f94174d7ab7fce30ee0df6b47da939d5d"
}
Request method:	POST
Request URI:	https://stellarburgers.nomoreparties.site/api/auth/login
Proxy:			<none>
Request params:	<none>
Query params:	<none>
Form params:	<none>
Path params:	<none>
Headers:		Accept=*/*
				Content-Type=application/json
Cookies:		<none>
Multiparts:		<none>
Body:
{
    "email": "aurelio.kerluke@yandex.ru",
    "password": "BIdvtGuZRM",
    "name": "Raelene Leuschke"
}
HTTP/1.1 401 Unauthorized
Date: Sun, 10 Mar 2024 13:56:41 GMT
Content-Type: application/json; charset=utf-8
Content-Length: 61
Connection: keep-alive
X-Powered-By: Express
Access-Control-Allow-Origin: *
ETag: W/"3d-ad9nrqlzQBuoZ0AId1U3rIgKU84"
CF-Cache-Status: DYNAMIC
Report-To: {"endpoints":[{"url":"https:\/\/a.nel.cloudflare.com\/report\/v3?s=%2F%2BdRsWhl%2BCYntBbpRgljJd4nhNvr4JuXq9MK3hVkBnWX1T6VqLkFX2cm9bA6g%2FI5OqCgB4ab09a0mCmzxkNBQIKzwC4ol2Ls%2FMsiyWRIQ6lXanyB9iFpqXJ9XvqABJd6FuiTOyvI5Mm1Z9fnHgM8gvrmKQQ%3D"}],"group":"cf-nel","max_age":604800}
NEL: {"success_fraction":0,"report_to":"cf-nel","max_age":604800}
Server: cloudflare
CF-RAY: 8623cf3fca015d5b-FRA
alt-svc: h3=":443"; ma=86400

{
    "success": false,
    "message": "email or password are incorrect"
}
HTTP/1.1 401 Unauthorized
Date: Sun, 10 Mar 2024 13:56:41 GMT
Content-Type: application/json; charset=utf-8
Content-Length: 61
Connection: keep-alive
X-Powered-By: Express
Access-Control-Allow-Origin: *
ETag: W/"3d-ad9nrqlzQBuoZ0AId1U3rIgKU84"
CF-Cache-Status: DYNAMIC
Report-To: {"endpoints":[{"url":"https:\/\/a.nel.cloudflare.com\/report\/v3?s=%2F%2BdRsWhl%2BCYntBbpRgljJd4nhNvr4JuXq9MK3hVkBnWX1T6VqLkFX2cm9bA6g%2FI5OqCgB4ab09a0mCmzxkNBQIKzwC4ol2Ls%2FMsiyWRIQ6lXanyB9iFpqXJ9XvqABJd6FuiTOyvI5Mm1Z9fnHgM8gvrmKQQ%3D"}],"group":"cf-nel","max_age":604800}
NEL: {"success_fraction":0,"report_to":"cf-nel","max_age":604800}
Server: cloudflare
CF-RAY: 8623cf3fca015d5b-FRA
alt-svc: h3=":443"; ma=86400

{
    "success": false,
    "message": "email or password are incorrect"
}
Request method:	DELETE
Request URI:	https://stellarburgers.nomoreparties.site/api/auth/user
Proxy:			<none>
Request params:	<none>
Query params:	<none>
Form params:	<none>
Path params:	<none>
Headers:		Authorization=Bearer eyJhbGciOiJIUzI1NiIsInR5cCI6IkpXVCJ9.eyJpZCI6IjY1ZWRiYzE5OWVkMjgwMDAxYjNjYTAxNyIsImlhdCI6MTcxMDA3OTAwMSwiZXhwIjoxNzEwMDgwMjAxfQ.EpkIrq_YxXxXa-wVmfqtDB7POWG0wdhpqnNRFxgtqPc
				Accept=*/*
				Content-Type=application/json
Cookies:		<none>
Multiparts:		<none>
Body:
{
    "email": "aurelio.kerluke@yandex.ru",
    "password": "BIdvtGuZRM",
    "name": "Raelene Leuschke"
}
HTTP/1.1 202 Accepted
Date: Sun, 10 Mar 2024 13:56:42 GMT
Content-Type: application/json; charset=utf-8
Content-Length: 54
Connection: keep-alive
X-Powered-By: Express
Access-Control-Allow-Origin: *
ETag: W/"36-hDmZnQ3Ou/ynnqAeC6TYmyseuzY"
CF-Cache-Status: DYNAMIC
Report-To: {"endpoints":[{"url":"https:\/\/a.nel.cloudflare.com\/report\/v3?s=lAET8PfXefj1FZzXblMmta8jdBtLAqvHyRXRs2h72XcrVKM7oaAXR8LklzB9ubEGbM81E0Vz66I%2B0qsCgyQw63lCPnXeRkokwx36ggzW8Bs%2FlLGG3KEzAta1QW9cUrXxYHNsGvCiQncUeMV1Z3LYeOPz0JA%3D"}],"group":"cf-nel","max_age":604800}
NEL: {"success_fraction":0,"report_to":"cf-nel","max_age":604800}
Server: cloudflare
CF-RAY: 8623cf41cf562c2b-FRA
alt-svc: h3=":443"; ma=86400

{
    "success": true,
    "message": "User successfully removed"
}
]]></system-out>
  </testcase>
</testsuite>