<?xml version="1.0" encoding="UTF-8"?>
<testsuite xmlns:xsi="http://www.w3.org/2001/XMLSchema-instance" xsi:noNamespaceSchemaLocation="https://maven.apache.org/surefire/maven-surefire-plugin/xsd/surefire-test-report-3.0.xsd" version="3.0" name="praktikum.model.CreateUserTest" time="2.344" tests="5" errors="0" skipped="0" failures="0">
  <properties>
[...]
</properties>
  <testcase name="createUserWithoutPassword" classname="praktikum.model.CreateUserTest" time="0.182">
    <system-out><![CDATA[Request method:	POST
Request URI:	https://stellarburgers.nomoreparties.site/api/auth/register
Proxy:			<none>
Request params:	<none>
Query params:	<none>
Form params:	<none>
Path params:	<none>
Headers:		Accept=*/*
				Content-Type=application/json
Cookies:		<none>
Multiparts:		<none>
Body:
{
    "email": "lorenzo.herzog@yandex.ru",
    "name": "Vicente Kub"
}
HTTP/1.1 403 Forbidden
Date: Sun, 10 Mar 2024 13:11:17 GMT
Content-Type: application/json; charset=utf-8
Transfer-Encoding: chunked
Connection: keep-alive
X-Powered-By: Express
Access-Control-Allow-Origin: *
ETag: W/"4a-EmWdisR78lCFKIQWVZ3yQkk5Ixs"
CF-Cache-Status: DYNAMIC
Report-To: {"endpoints":[{"url":"https:\/\/a.nel.cloudflare.com\/report\/v3?s=uaGILsRR%2Ba6rYuzz8vyaNV8p2mVVSzxCFhOqmu%2FAJ42wTR1EZl94KjEcs2pop5AvrEq4JAHx09j8T1tYh3226bQ2tWU%2F7nVBI5p9UhxtrOc%2BzCpn63MJrjwEXK8WuVECCDBiAmzTAhR23Wp3XgcqmjQFtBA%3D"}],"group":"cf-nel","max_age":604800}
NEL: {"success_fraction":0,"report_to":"cf-nel","max_age":604800}
Server: cloudflare
CF-RAY: 86238cbe09ca9a11-FRA
Content-Encoding: gzip
alt-svc: h3=":443"; ma=86400

{
    "success": false,
    "message": "Email, password and name are required fields"
}
HTTP/1.1 403 Forbidden
Date: Sun, 10 Mar 2024 13:11:17 GMT
Content-Type: application/json; charset=utf-8
Transfer-Encoding: chunked
Connection: keep-alive
X-Powered-By: Express
Access-Control-Allow-Origin: *
ETag: W/"4a-EmWdisR78lCFKIQWVZ3yQkk5Ixs"
CF-Cache-Status: DYNAMIC
Report-To: {"endpoints":[{"url":"https:\/\/a.nel.cloudflare.com\/report\/v3?s=uaGILsRR%2Ba6rYuzz8vyaNV8p2mVVSzxCFhOqmu%2FAJ42wTR1EZl94KjEcs2pop5AvrEq4JAHx09j8T1tYh3226bQ2tWU%2F7nVBI5p9UhxtrOc%2BzCpn63MJrjwEXK8WuVECCDBiAmzTAhR23Wp3XgcqmjQFtBA%3D"}],"group":"cf-nel","max_age":604800}
NEL: {"success_fraction":0,"report_to":"cf-nel","max_age":604800}
Server: cloudflare
CF-RAY: 86238cbe09ca9a11-FRA
Content-Encoding: gzip
alt-svc: h3=":443"; ma=86400

{
    "success": false,
    "message": "Email, password and name are required fields"
}
]]></system-out>
  </testcase>
  <testcase name="createUserWithoutName" classname="praktikum.model.CreateUserTest" time="0.241">
    <system-out><![CDATA[Request method:	POST
Request URI:	https://stellarburgers.nomoreparties.site/api/auth/register
Proxy:			<none>
Request params:	<none>
Query params:	<none>
Form params:	<none>
Path params:	<none>
Headers:		Accept=*/*
				Content-Type=application/json
Cookies:		<none>
Multiparts:		<none>
Body:
{
    "email": "rigoberto.lemke@yandex.ru",
    "password": "pGcuIvoTey"
}
HTTP/1.1 403 Forbidden
Date: Sun, 10 Mar 2024 13:11:17 GMT
Content-Type: application/json; charset=utf-8
Transfer-Encoding: chunked
Connection: keep-alive
X-Powered-By: Express
Access-Control-Allow-Origin: *
ETag: W/"4a-EmWdisR78lCFKIQWVZ3yQkk5Ixs"
CF-Cache-Status: DYNAMIC
Report-To: {"endpoints":[{"url":"https:\/\/a.nel.cloudflare.com\/report\/v3?s=XE%2FwEfz11mNmZJTASl0VvyYPnC%2FYWDc7P%2FPWE0Wi%2BnlcgaQS0ybnYmu20xuq4MysGDUAgcLh9XOh%2BYKyrb6YrBFqVqfKlJY73Geir1pIF8F9EvMrGefPHqM5q%2FYio1XkZssA8PdobtZlw3qEI39%2FAdypf78%3D"}],"group":"cf-nel","max_age":604800}
NEL: {"success_fraction":0,"report_to":"cf-nel","max_age":604800}
Server: cloudflare
CF-RAY: 86238cbf7994924f-FRA
Content-Encoding: gzip
alt-svc: h3=":443"; ma=86400

{
    "success": false,
    "message": "Email, password and name are required fields"
}
HTTP/1.1 403 Forbidden
Date: Sun, 10 Mar 2024 13:11:17 GMT
Content-Type: application/json; charset=utf-8
Transfer-Encoding: chunked
Connection: keep-alive
X-Powered-By: Express
Access-Control-Allow-Origin: *
ETag: W/"4a-EmWdisR78lCFKIQWVZ3yQkk5Ixs"
CF-Cache-Status: DYNAMIC
Report-To: {"endpoints":[{"url":"https:\/\/a.nel.cloudflare.com\/report\/v3?s=XE%2FwEfz11mNmZJTASl0VvyYPnC%2FYWDc7P%2FPWE0Wi%2BnlcgaQS0ybnYmu20xuq4MysGDUAgcLh9XOh%2BYKyrb6YrBFqVqfKlJY73Geir1pIF8F9EvMrGefPHqM5q%2FYio1XkZssA8PdobtZlw3qEI39%2FAdypf78%3D"}],"group":"cf-nel","max_age":604800}
NEL: {"success_fraction":0,"report_to":"cf-nel","max_age":604800}
Server: cloudflare
CF-RAY: 86238cbf7994924f-FRA
Content-Encoding: gzip
alt-svc: h3=":443"; ma=86400

{
    "success": false,
    "message": "Email, password and name are required fields"
}
]]></system-out>
  </testcase>
  <testcase name="createUserWithoutEmail" classname="praktikum.model.CreateUserTest" time="0.26">
    <system-out><![CDATA[Request method:	POST
Request URI:	https://stellarburgers.nomoreparties.site/api/auth/register
Proxy:			<none>
Request params:	<none>
Query params:	<none>
Form params:	<none>
Path params:	<none>
Headers:		Accept=*/*
				Content-Type=application/json
Cookies:		<none>
Multiparts:		<none>
Body:
{
    "password": "DjeLGzEuxg",
    "name": "Jasmin Koss"
}
HTTP/1.1 403 Forbidden
Date: Sun, 10 Mar 2024 13:11:17 GMT
Content-Type: application/json; charset=utf-8
Transfer-Encoding: chunked
Connection: keep-alive
X-Powered-By: Express
Access-Control-Allow-Origin: *
ETag: W/"4a-EmWdisR78lCFKIQWVZ3yQkk5Ixs"
CF-Cache-Status: DYNAMIC
Report-To: {"endpoints":[{"url":"https:\/\/a.nel.cloudflare.com\/report\/v3?s=7OM4NgCGvHtapPvRVOq2lXGA93JyLLnNS9rJPhsK4HsjKRqAUsChS1Jo7hcCU3LY1hHH7k59VrCqc7bsfl5yFvqDz5XRye47mgjALmZfBd8ZvDQYsV1f0ANvXLUdc2dGKjddHYUumvhcizTvE1I9f3%2FZ%2Bbk%3D"}],"group":"cf-nel","max_age":604800}
NEL: {"success_fraction":0,"report_to":"cf-nel","max_age":604800}
Server: cloudflare
CF-RAY: 86238cc0ef339b40-FRA
Content-Encoding: gzip
alt-svc: h3=":443"; ma=86400

{
    "success": false,
    "message": "Email, password and name are required fields"
}
HTTP/1.1 403 Forbidden
Date: Sun, 10 Mar 2024 13:11:17 GMT
Content-Type: application/json; charset=utf-8
Transfer-Encoding: chunked
Connection: keep-alive
X-Powered-By: Express
Access-Control-Allow-Origin: *
ETag: W/"4a-EmWdisR78lCFKIQWVZ3yQkk5Ixs"
CF-Cache-Status: DYNAMIC
Report-To: {"endpoints":[{"url":"https:\/\/a.nel.cloudflare.com\/report\/v3?s=7OM4NgCGvHtapPvRVOq2lXGA93JyLLnNS9rJPhsK4HsjKRqAUsChS1Jo7hcCU3LY1hHH7k59VrCqc7bsfl5yFvqDz5XRye47mgjALmZfBd8ZvDQYsV1f0ANvXLUdc2dGKjddHYUumvhcizTvE1I9f3%2FZ%2Bbk%3D"}],"group":"cf-nel","max_age":604800}
NEL: {"success_fraction":0,"report_to":"cf-nel","max_age":604800}
Server: cloudflare
CF-RAY: 86238cc0ef339b40-FRA
Content-Encoding: gzip
alt-svc: h3=":443"; ma=86400

{
    "success": false,
    "message": "Email, password and name are required fields"
}
]]></system-out>
  </testcase>
  <testcase name="creatingAnExistingUser" classname="praktikum.model.CreateUserTest" time="0.947">
    <system-out><![CDATA[Request method:	POST
Request URI:	https://stellarburgers.nomoreparties.site/api/auth/register
Proxy:			<none>
Request params:	<none>
Query params:	<none>
Form params:	<none>
Path params:	<none>
Headers:		Accept=*/*
				Content-Type=application/json
Cookies:		<none>
Multiparts:		<none>
Body:
{
    "email": "neda.kulas@yandex.ru",
    "password": "ejSQmPFuOb",
    "name": "Mrs. Kirk Ferry"
}
HTTP/1.1 200 OK
Date: Sun, 10 Mar 2024 13:11:18 GMT
Content-Type: application/json; charset=utf-8
Transfer-Encoding: chunked
Connection: keep-alive
X-Powered-By: Express
Access-Control-Allow-Origin: *
authorization: Bearer eyJhbGciOiJIUzI1NiIsInR5cCI6IkpXVCJ9.eyJpZCI6IjY1ZWRiMTc2OWVkMjgwMDAxYjNjOWVkMiIsImlhdCI6MTcxMDA3NjI3OCwiZXhwIjoxNzEwMDc3NDc4fQ.aRmMEvlPAPkbUMyrD13Y8UVK6Ysxt4xwqHgMKAdOKmE
ETag: W/"176-Xy12R5RmsJIUwSIETIJkBlWvvWc"
CF-Cache-Status: DYNAMIC
Report-To: {"endpoints":[{"url":"https:\/\/a.nel.cloudflare.com\/report\/v3?s=l%2FHX%2FgU7OwgrzccGwnisJonzOcbuJn%2FRqW6mwCMzYzEsBD894lsmrPTY0LryPyGSCNUiAxQc1aH%2FAg%2BNiOL3TSXiOzoDTGJqD8VnDH8QYEWKGpxfbvxXX4NGVz0%2FISyxXZkDUJINCUXN2q6UCEt79EMPAh0%3D"}],"group":"cf-nel","max_age":604800}
NEL: {"success_fraction":0,"report_to":"cf-nel","max_age":604800}
Server: cloudflare
CF-RAY: 86238cc2bf474d9c-FRA
Content-Encoding: gzip
alt-svc: h3=":443"; ma=86400

{
    "success": true,
    "user": {
        "email": "neda.kulas@yandex.ru",
        "name": "Mrs. Kirk Ferry"
    },
    "accessToken": "Bearer eyJhbGciOiJIUzI1NiIsInR5cCI6IkpXVCJ9.eyJpZCI6IjY1ZWRiMTc2OWVkMjgwMDAxYjNjOWVkMiIsImlhdCI6MTcxMDA3NjI3OCwiZXhwIjoxNzEwMDc3NDc4fQ.aRmMEvlPAPkbUMyrD13Y8UVK6Ysxt4xwqHgMKAdOKmE",
    "refreshToken": "c5e51e2cd97f44b540814a87892e68697a8bcf7efb51865de10ad933374cf1f9e5cbcbe0adf5e8aa"
}
Request method:	POST
Request URI:	https://stellarburgers.nomoreparties.site/api/auth/register
Proxy:			<none>
Request params:	<none>
Query params:	<none>
Form params:	<none>
Path params:	<none>
Headers:		Accept=*/*
				Content-Type=application/json
Cookies:		<none>
Multiparts:		<none>
Body:
{
    "email": "neda.kulas@yandex.ru",
    "password": "ejSQmPFuOb",
    "name": "Mrs. Kirk Ferry"
}
HTTP/1.1 403 Forbidden
Date: Sun, 10 Mar 2024 13:11:18 GMT
Content-Type: application/json; charset=utf-8
Transfer-Encoding: chunked
Connection: keep-alive
X-Powered-By: Express
Access-Control-Allow-Origin: *
ETag: W/"31-WKEMg8zALB1Ko0WjUHi/6RBGHVc"
CF-Cache-Status: DYNAMIC
Report-To: {"endpoints":[{"url":"https:\/\/a.nel.cloudflare.com\/report\/v3?s=NlsO6lCjcITmSqRwa%2BYiMiCoQ1YtuIZXIryKmEkZndwlsR65VV6TfzeTaDZgQvIOMmaGyZIkMV6vAl7vmdVlyeyn%2BbpjC9K%2Bi66%2B83pYJgHdm6OyLD28O6bBmzecUxuheEugcd%2BxneTiPt5cCk4wYBQ91y4%3D"}],"group":"cf-nel","max_age":604800}
NEL: {"success_fraction":0,"report_to":"cf-nel","max_age":604800}
Server: cloudflare
CF-RAY: 86238cc4a9984d84-FRA
Content-Encoding: gzip
alt-svc: h3=":443"; ma=86400

{
    "success": false,
    "message": "User already exists"
}
HTTP/1.1 403 Forbidden
Date: Sun, 10 Mar 2024 13:11:18 GMT
Content-Type: application/json; charset=utf-8
Transfer-Encoding: chunked
Connection: keep-alive
X-Powered-By: Express
Access-Control-Allow-Origin: *
ETag: W/"31-WKEMg8zALB1Ko0WjUHi/6RBGHVc"
CF-Cache-Status: DYNAMIC
Report-To: {"endpoints":[{"url":"https:\/\/a.nel.cloudflare.com\/report\/v3?s=NlsO6lCjcITmSqRwa%2BYiMiCoQ1YtuIZXIryKmEkZndwlsR65VV6TfzeTaDZgQvIOMmaGyZIkMV6vAl7vmdVlyeyn%2BbpjC9K%2Bi66%2B83pYJgHdm6OyLD28O6bBmzecUxuheEugcd%2BxneTiPt5cCk4wYBQ91y4%3D"}],"group":"cf-nel","max_age":604800}
NEL: {"success_fraction":0,"report_to":"cf-nel","max_age":604800}
Server: cloudflare
CF-RAY: 86238cc4a9984d84-FRA
Content-Encoding: gzip
alt-svc: h3=":443"; ma=86400

{
    "success": false,
    "message": "User already exists"
}
Удаляется пользователь Mrs. Kirk Ferry
Request method:	DELETE
Request URI:	https://stellarburgers.nomoreparties.site/api/auth/user
Proxy:			<none>
Request params:	<none>
Query params:	<none>
Form params:	<none>
Path params:	<none>
Headers:		Authorization=Bearer eyJhbGciOiJIUzI1NiIsInR5cCI6IkpXVCJ9.eyJpZCI6IjY1ZWRiMTc2OWVkMjgwMDAxYjNjOWVkMiIsImlhdCI6MTcxMDA3NjI3OCwiZXhwIjoxNzEwMDc3NDc4fQ.aRmMEvlPAPkbUMyrD13Y8UVK6Ysxt4xwqHgMKAdOKmE
				Accept=*/*
				Content-Type=application/json
Cookies:		<none>
Multiparts:		<none>
Body:
{
    "email": "neda.kulas@yandex.ru",
    "password": "ejSQmPFuOb",
    "name": "Mrs. Kirk Ferry"
}
HTTP/1.1 202 Accepted
Date: Sun, 10 Mar 2024 13:11:18 GMT
Content-Type: application/json; charset=utf-8
Content-Length: 54
Connection: keep-alive
X-Powered-By: Express
Access-Control-Allow-Origin: *
ETag: W/"36-hDmZnQ3Ou/ynnqAeC6TYmyseuzY"
CF-Cache-Status: DYNAMIC
Report-To: {"endpoints":[{"url":"https:\/\/a.nel.cloudflare.com\/report\/v3?s=aKtJ6RvGyQSfNWvatkAOrTykS%2BhVkr9f9Jn7MO2oc6hH1z9oZ8y7VH9oUwfqYVmPWyWaCdFXMKyUhjy0ID%2BGP%2FhOZWibNBKlKT%2B%2FMoUBLRAcpQatr4%2F2kMstn0%2B6C1slUxEvqJ6XUBWQLdG9MNOmmMm2Xos%3D"}],"group":"cf-nel","max_age":604800}
NEL: {"success_fraction":0,"report_to":"cf-nel","max_age":604800}
Server: cloudflare
CF-RAY: 86238cc62a1471d3-FRA
alt-svc: h3=":443"; ma=86400

{
    "success": true,
    "message": "User successfully removed"
}
]]></system-out>
  </testcase>
  <testcase name="createUser" classname="praktikum.model.CreateUserTest" time="0.704">
    <system-out><![CDATA[Request method:	POST
Request URI:	https://stellarburgers.nomoreparties.site/api/auth/register
Proxy:			<none>
Request params:	<none>
Query params:	<none>
Form params:	<none>
Path params:	<none>
Headers:		Accept=*/*
				Content-Type=application/json
Cookies:		<none>
Multiparts:		<none>
Body:
{
    "email": "orville.pfeffer@yandex.ru",
    "password": "JJfpVgdWXJ",
    "name": "Albertina Mayert V"
}
HTTP/1.1 200 OK
Date: Sun, 10 Mar 2024 13:11:19 GMT
Content-Type: application/json; charset=utf-8
Transfer-Encoding: chunked
Connection: keep-alive
X-Powered-By: Express
Access-Control-Allow-Origin: *
authorization: Bearer eyJhbGciOiJIUzI1NiIsInR5cCI6IkpXVCJ9.eyJpZCI6IjY1ZWRiMTc3OWVkMjgwMDAxYjNjOWVkNCIsImlhdCI6MTcxMDA3NjI3OSwiZXhwIjoxNzEwMDc3NDc5fQ.eoqcrgrWUBxsMsrt-90De-ClE1NapeLcqzxY0O2o1U4
ETag: W/"17e-nDkI3VMzZsanrDlMOk2LXfFzwzY"
CF-Cache-Status: DYNAMIC
Report-To: {"endpoints":[{"url":"https:\/\/a.nel.cloudflare.com\/report\/v3?s=KM%2BqUC6l1tBcvJj%2Fpuyve59F%2BV0ZEZX71LOG8qeuGGrS7j7IyW%2B5%2BuvALu6K70dq5xKPq%2BY8%2BiaVoUAb4XwDt7ZNk7GoVht9dkudMNFAG6Qf3bwxNjkranGpIqa3moNUyG2W1HbKYaHW%2BZmZ5whDjuxxPyA%3D"}],"group":"cf-nel","max_age":604800}
NEL: {"success_fraction":0,"report_to":"cf-nel","max_age":604800}
Server: cloudflare
CF-RAY: 86238cc8986130ee-FRA
Content-Encoding: gzip
alt-svc: h3=":443"; ma=86400

{
    "success": true,
    "user": {
        "email": "orville.pfeffer@yandex.ru",
        "name": "Albertina Mayert V"
    },
    "accessToken": "Bearer eyJhbGciOiJIUzI1NiIsInR5cCI6IkpXVCJ9.eyJpZCI6IjY1ZWRiMTc3OWVkMjgwMDAxYjNjOWVkNCIsImlhdCI6MTcxMDA3NjI3OSwiZXhwIjoxNzEwMDc3NDc5fQ.eoqcrgrWUBxsMsrt-90De-ClE1NapeLcqzxY0O2o1U4",
    "refreshToken": "bbf858b315218036dcbab80b655bf2e3e020f5195db029f0963057bc890c6d89c04600c3046cd7c8"
}
Удаляется пользователь Albertina Mayert V
Request method:	DELETE
Request URI:	https://stellarburgers.nomoreparties.site/api/auth/user
Proxy:			<none>
Request params:	<none>
Query params:	<none>
Form params:	<none>
Path params:	<none>
Headers:		Authorization=Bearer eyJhbGciOiJIUzI1NiIsInR5cCI6IkpXVCJ9.eyJpZCI6IjY1ZWRiMTc3OWVkMjgwMDAxYjNjOWVkNCIsImlhdCI6MTcxMDA3NjI3OSwiZXhwIjoxNzEwMDc3NDc5fQ.eoqcrgrWUBxsMsrt-90De-ClE1NapeLcqzxY0O2o1U4
				Accept=*/*
				Content-Type=application/json
Cookies:		<none>
Multiparts:		<none>
Body:
{
    "email": "orville.pfeffer@yandex.ru",
    "password": "JJfpVgdWXJ",
    "name": "Albertina Mayert V"
}
HTTP/1.1 202 Accepted
Date: Sun, 10 Mar 2024 13:11:19 GMT
Content-Type: application/json; charset=utf-8
Content-Length: 54
Connection: keep-alive
X-Powered-By: Express
Access-Control-Allow-Origin: *
ETag: W/"36-hDmZnQ3Ou/ynnqAeC6TYmyseuzY"
CF-Cache-Status: DYNAMIC
Report-To: {"endpoints":[{"url":"https:\/\/a.nel.cloudflare.com\/report\/v3?s=jXLI8ojdsL3Pl4KjWdANbxGxd6495jT%2BRlTSHpz58xiCUnUQ4%2BZTJxHDOngcfdGoSUeC8CD%2Be3D8m3Osu8a19I4lARizcwxH%2BLKKevvb8H3QtVaHyZLR7sIENdXJ4Zj0hFB32dA2y%2BmF9rxoRj0hiz5JFYg%3D"}],"group":"cf-nel","max_age":604800}
NEL: {"success_fraction":0,"report_to":"cf-nel","max_age":604800}
Server: cloudflare
CF-RAY: 86238cca7d2f5d41-FRA
alt-svc: h3=":443"; ma=86400

{
    "success": true,
    "message": "User successfully removed"
}
]]></system-out>
  </testcase>
</testsuite>