<?xml version="1.0" encoding="UTF-8"?>
<testsuite xmlns:xsi="http://www.w3.org/2001/XMLSchema-instance" xsi:noNamespaceSchemaLocation="https://maven.apache.org/surefire/maven-surefire-plugin/xsd/surefire-test-report-3.0.xsd" version="3.0" name="praktikum.model.CreateUserTest" time="2.368" tests="5" errors="0" skipped="0" failures="0">
  <properties>
[...]
</properties>
  <testcase name="createUserWithoutPassword" classname="praktikum.model.CreateUserTest" time="0.204">
    <system-out><![CDATA[Request method:	POST
Request URI:	https://stellarburgers.nomoreparties.site/api/auth/register
Proxy:			<none>
Request params:	<none>
Query params:	<none>
Form params:	<none>
Path params:	<none>
Headers:		Accept=*/*
				Content-Type=application/json
Cookies:		<none>
Multiparts:		<none>
Body:
{
    "email": "brooks.breitenberg@yandex.ru",
    "name": "Delorse Gerlach"
}
HTTP/1.1 403 Forbidden
Date: Sun, 10 Mar 2024 13:56:33 GMT
Content-Type: application/json; charset=utf-8
Transfer-Encoding: chunked
Connection: keep-alive
X-Powered-By: Express
Access-Control-Allow-Origin: *
ETag: W/"4a-EmWdisR78lCFKIQWVZ3yQkk5Ixs"
CF-Cache-Status: DYNAMIC
Report-To: {"endpoints":[{"url":"https:\/\/a.nel.cloudflare.com\/report\/v3?s=gGGx%2FbFt1sAtsHBWQRvIJzEaej1%2FsVfpsDJDa%2BkIha8eFpM480ZN9Y1ZbiMLclAZJNTApAemZs%2BYTXm78NPdNUbPYrI0SzXjp9Bsvm%2BeWsM8ZSx0SYuAKL3jksowRdj47nqHYxSSreS7jDNpb%2FaNu07oiu0%3D"}],"group":"cf-nel","max_age":604800}
NEL: {"success_fraction":0,"report_to":"cf-nel","max_age":604800}
Server: cloudflare
CF-RAY: 8623cf0a2bfe194b-FRA
Content-Encoding: gzip
alt-svc: h3=":443"; ma=86400

{
    "success": false,
    "message": "Email, password and name are required fields"
}
HTTP/1.1 403 Forbidden
Date: Sun, 10 Mar 2024 13:56:33 GMT
Content-Type: application/json; charset=utf-8
Transfer-Encoding: chunked
Connection: keep-alive
X-Powered-By: Express
Access-Control-Allow-Origin: *
ETag: W/"4a-EmWdisR78lCFKIQWVZ3yQkk5Ixs"
CF-Cache-Status: DYNAMIC
Report-To: {"endpoints":[{"url":"https:\/\/a.nel.cloudflare.com\/report\/v3?s=gGGx%2FbFt1sAtsHBWQRvIJzEaej1%2FsVfpsDJDa%2BkIha8eFpM480ZN9Y1ZbiMLclAZJNTApAemZs%2BYTXm78NPdNUbPYrI0SzXjp9Bsvm%2BeWsM8ZSx0SYuAKL3jksowRdj47nqHYxSSreS7jDNpb%2FaNu07oiu0%3D"}],"group":"cf-nel","max_age":604800}
NEL: {"success_fraction":0,"report_to":"cf-nel","max_age":604800}
Server: cloudflare
CF-RAY: 8623cf0a2bfe194b-FRA
Content-Encoding: gzip
alt-svc: h3=":443"; ma=86400

{
    "success": false,
    "message": "Email, password and name are required fields"
}
]]></system-out>
  </testcase>
  <testcase name="createUserWithoutName" classname="praktikum.model.CreateUserTest" time="0.235">
    <system-out><![CDATA[Request method:	POST
Request URI:	https://stellarburgers.nomoreparties.site/api/auth/register
Proxy:			<none>
Request params:	<none>
Query params:	<none>
Form params:	<none>
Path params:	<none>
Headers:		Accept=*/*
				Content-Type=application/json
Cookies:		<none>
Multiparts:		<none>
Body:
{
    "email": "german.olson@yandex.ru",
    "password": "NxuRucikQO"
}
HTTP/1.1 403 Forbidden
Date: Sun, 10 Mar 2024 13:56:33 GMT
Content-Type: application/json; charset=utf-8
Transfer-Encoding: chunked
Connection: keep-alive
X-Powered-By: Express
Access-Control-Allow-Origin: *
ETag: W/"4a-EmWdisR78lCFKIQWVZ3yQkk5Ixs"
CF-Cache-Status: DYNAMIC
Report-To: {"endpoints":[{"url":"https:\/\/a.nel.cloudflare.com\/report\/v3?s=wuPgxkC45vKsgxaa1%2FF6n6x8dmDwtjWloCiIFtafPpA7emJVcXc%2FT0PBUESfz9572fs8LNFMNT5nlTmHpauMhZiYz4Ype54SmiSpNk0hEGxQfDch4bVDy4wmnJUpkAoj99NbGSfd4nzZVclPyHUU1RdUYAg%3D"}],"group":"cf-nel","max_age":604800}
NEL: {"success_fraction":0,"report_to":"cf-nel","max_age":604800}
Server: cloudflare
CF-RAY: 8623cf0bc9e66925-FRA
Content-Encoding: gzip
alt-svc: h3=":443"; ma=86400

{
    "success": false,
    "message": "Email, password and name are required fields"
}
HTTP/1.1 403 Forbidden
Date: Sun, 10 Mar 2024 13:56:33 GMT
Content-Type: application/json; charset=utf-8
Transfer-Encoding: chunked
Connection: keep-alive
X-Powered-By: Express
Access-Control-Allow-Origin: *
ETag: W/"4a-EmWdisR78lCFKIQWVZ3yQkk5Ixs"
CF-Cache-Status: DYNAMIC
Report-To: {"endpoints":[{"url":"https:\/\/a.nel.cloudflare.com\/report\/v3?s=wuPgxkC45vKsgxaa1%2FF6n6x8dmDwtjWloCiIFtafPpA7emJVcXc%2FT0PBUESfz9572fs8LNFMNT5nlTmHpauMhZiYz4Ype54SmiSpNk0hEGxQfDch4bVDy4wmnJUpkAoj99NbGSfd4nzZVclPyHUU1RdUYAg%3D"}],"group":"cf-nel","max_age":604800}
NEL: {"success_fraction":0,"report_to":"cf-nel","max_age":604800}
Server: cloudflare
CF-RAY: 8623cf0bc9e66925-FRA
Content-Encoding: gzip
alt-svc: h3=":443"; ma=86400

{
    "success": false,
    "message": "Email, password and name are required fields"
}
]]></system-out>
  </testcase>
  <testcase name="createUserWithoutEmail" classname="praktikum.model.CreateUserTest" time="0.24">
    <system-out><![CDATA[Request method:	POST
Request URI:	https://stellarburgers.nomoreparties.site/api/auth/register
Proxy:			<none>
Request params:	<none>
Query params:	<none>
Form params:	<none>
Path params:	<none>
Headers:		Accept=*/*
				Content-Type=application/json
Cookies:		<none>
Multiparts:		<none>
Body:
{
    "password": "FWRTZLsdyJ",
    "name": "Stephaine Gusikowski"
}
HTTP/1.1 403 Forbidden
Date: Sun, 10 Mar 2024 13:56:33 GMT
Content-Type: application/json; charset=utf-8
Transfer-Encoding: chunked
Connection: keep-alive
X-Powered-By: Express
Access-Control-Allow-Origin: *
ETag: W/"4a-EmWdisR78lCFKIQWVZ3yQkk5Ixs"
CF-Cache-Status: DYNAMIC
Report-To: {"endpoints":[{"url":"https:\/\/a.nel.cloudflare.com\/report\/v3?s=K8s4YKVcUEovogq4%2B%2BbcsT96lGdQjIlNb8rDOrC1iCDQevn0lNr1XogJkUXqt9ER0jZ0%2FVaDskd6tNmwkJJ5YEyq0J2Y7%2BYB%2BRcVN9giqEm907csPg5v0%2FX4HtBOgOggt6qxP8xNwRZCIam56XRboYWfOeg%3D"}],"group":"cf-nel","max_age":604800}
NEL: {"success_fraction":0,"report_to":"cf-nel","max_age":604800}
Server: cloudflare
CF-RAY: 8623cf0d2bde35f3-FRA
Content-Encoding: gzip
alt-svc: h3=":443"; ma=86400

{
    "success": false,
    "message": "Email, password and name are required fields"
}
HTTP/1.1 403 Forbidden
Date: Sun, 10 Mar 2024 13:56:33 GMT
Content-Type: application/json; charset=utf-8
Transfer-Encoding: chunked
Connection: keep-alive
X-Powered-By: Express
Access-Control-Allow-Origin: *
ETag: W/"4a-EmWdisR78lCFKIQWVZ3yQkk5Ixs"
CF-Cache-Status: DYNAMIC
Report-To: {"endpoints":[{"url":"https:\/\/a.nel.cloudflare.com\/report\/v3?s=K8s4YKVcUEovogq4%2B%2BbcsT96lGdQjIlNb8rDOrC1iCDQevn0lNr1XogJkUXqt9ER0jZ0%2FVaDskd6tNmwkJJ5YEyq0J2Y7%2BYB%2BRcVN9giqEm907csPg5v0%2FX4HtBOgOggt6qxP8xNwRZCIam56XRboYWfOeg%3D"}],"group":"cf-nel","max_age":604800}
NEL: {"success_fraction":0,"report_to":"cf-nel","max_age":604800}
Server: cloudflare
CF-RAY: 8623cf0d2bde35f3-FRA
Content-Encoding: gzip
alt-svc: h3=":443"; ma=86400

{
    "success": false,
    "message": "Email, password and name are required fields"
}
]]></system-out>
  </testcase>
  <testcase name="creatingAnExistingUser" classname="praktikum.model.CreateUserTest" time="0.94">
    <system-out><![CDATA[Request method:	POST
Request URI:	https://stellarburgers.nomoreparties.site/api/auth/register
Proxy:			<none>
Request params:	<none>
Query params:	<none>
Form params:	<none>
Path params:	<none>
Headers:		Accept=*/*
				Content-Type=application/json
Cookies:		<none>
Multiparts:		<none>
Body:
{
    "email": "ione.keeling@yandex.ru",
    "password": "DsYiRYvOaI",
    "name": "Wilbert Bruen"
}
HTTP/1.1 200 OK
Date: Sun, 10 Mar 2024 13:56:33 GMT
Content-Type: application/json; charset=utf-8
Transfer-Encoding: chunked
Connection: keep-alive
X-Powered-By: Express
Access-Control-Allow-Origin: *
authorization: Bearer eyJhbGciOiJIUzI1NiIsInR5cCI6IkpXVCJ9.eyJpZCI6IjY1ZWRiYzExOWVkMjgwMDAxYjNjYTAwNiIsImlhdCI6MTcxMDA3ODk5MywiZXhwIjoxNzEwMDgwMTkzfQ.rZ3LTmTr6kaBmCaF_8jsQiocry_RHJxUWDdNUKyAny8
ETag: W/"176-RTEDMfXJCHMUpj8zM7/l4gLmd3I"
CF-Cache-Status: DYNAMIC
Report-To: {"endpoints":[{"url":"https:\/\/a.nel.cloudflare.com\/report\/v3?s=yaWDVjhnPWDPg9Id8P6mAIzSJQOl%2BrCMVXDeBK4y6hXrrbSvuS7g9pFkJmD%2BJcCEF5vKgZMzuFArNHcGRdXq7o39CsjeH6YQwJ8%2BhSs2kdAw5CRV6KYS5BQVYNs%2FQwY%2BhlVH600QFtQoMCAkG24uTe8BmRw%3D"}],"group":"cf-nel","max_age":604800}
NEL: {"success_fraction":0,"report_to":"cf-nel","max_age":604800}
Server: cloudflare
CF-RAY: 8623cf0eae267185-FRA
Content-Encoding: gzip
alt-svc: h3=":443"; ma=86400

{
    "success": true,
    "user": {
        "email": "ione.keeling@yandex.ru",
        "name": "Wilbert Bruen"
    },
    "accessToken": "Bearer eyJhbGciOiJIUzI1NiIsInR5cCI6IkpXVCJ9.eyJpZCI6IjY1ZWRiYzExOWVkMjgwMDAxYjNjYTAwNiIsImlhdCI6MTcxMDA3ODk5MywiZXhwIjoxNzEwMDgwMTkzfQ.rZ3LTmTr6kaBmCaF_8jsQiocry_RHJxUWDdNUKyAny8",
    "refreshToken": "dee01a66077090c102d660d98899d8f2ad6090f62550a6b79ffe1ebe344611b1f7c2c3c05c59d857"
}
Request method:	POST
Request URI:	https://stellarburgers.nomoreparties.site/api/auth/register
Proxy:			<none>
Request params:	<none>
Query params:	<none>
Form params:	<none>
Path params:	<none>
Headers:		Accept=*/*
				Content-Type=application/json
Cookies:		<none>
Multiparts:		<none>
Body:
{
    "email": "ione.keeling@yandex.ru",
    "password": "DsYiRYvOaI",
    "name": "Wilbert Bruen"
}
HTTP/1.1 403 Forbidden
Date: Sun, 10 Mar 2024 13:56:34 GMT
Content-Type: application/json; charset=utf-8
Transfer-Encoding: chunked
Connection: keep-alive
X-Powered-By: Express
Access-Control-Allow-Origin: *
ETag: W/"31-WKEMg8zALB1Ko0WjUHi/6RBGHVc"
CF-Cache-Status: DYNAMIC
Report-To: {"endpoints":[{"url":"https:\/\/a.nel.cloudflare.com\/report\/v3?s=CMINeTHyYW3odEO3nfQyajtFHM%2FD4xo2KwJRu2UkcCHV4M7GpVnmzLYUvGKbNmtGrHKQan4njmzGJ81Lk8IfdqaAl43v0UjqiIRuSMoywzvJcFlYlAvp1Mg2NLRR%2BeXEPEfHXqKS1tZCjNs0WpQAoSUzOwU%3D"}],"group":"cf-nel","max_age":604800}
NEL: {"success_fraction":0,"report_to":"cf-nel","max_age":604800}
Server: cloudflare
CF-RAY: 8623cf1089151e51-FRA
Content-Encoding: gzip
alt-svc: h3=":443"; ma=86400

{
    "success": false,
    "message": "User already exists"
}
HTTP/1.1 403 Forbidden
Date: Sun, 10 Mar 2024 13:56:34 GMT
Content-Type: application/json; charset=utf-8
Transfer-Encoding: chunked
Connection: keep-alive
X-Powered-By: Express
Access-Control-Allow-Origin: *
ETag: W/"31-WKEMg8zALB1Ko0WjUHi/6RBGHVc"
CF-Cache-Status: DYNAMIC
Report-To: {"endpoints":[{"url":"https:\/\/a.nel.cloudflare.com\/report\/v3?s=CMINeTHyYW3odEO3nfQyajtFHM%2FD4xo2KwJRu2UkcCHV4M7GpVnmzLYUvGKbNmtGrHKQan4njmzGJ81Lk8IfdqaAl43v0UjqiIRuSMoywzvJcFlYlAvp1Mg2NLRR%2BeXEPEfHXqKS1tZCjNs0WpQAoSUzOwU%3D"}],"group":"cf-nel","max_age":604800}
NEL: {"success_fraction":0,"report_to":"cf-nel","max_age":604800}
Server: cloudflare
CF-RAY: 8623cf1089151e51-FRA
Content-Encoding: gzip
alt-svc: h3=":443"; ma=86400

{
    "success": false,
    "message": "User already exists"
}
Удаляется пользователь Wilbert Bruen
Request method:	DELETE
Request URI:	https://stellarburgers.nomoreparties.site/api/auth/user
Proxy:			<none>
Request params:	<none>
Query params:	<none>
Form params:	<none>
Path params:	<none>
Headers:		Authorization=Bearer eyJhbGciOiJIUzI1NiIsInR5cCI6IkpXVCJ9.eyJpZCI6IjY1ZWRiYzExOWVkMjgwMDAxYjNjYTAwNiIsImlhdCI6MTcxMDA3ODk5MywiZXhwIjoxNzEwMDgwMTkzfQ.rZ3LTmTr6kaBmCaF_8jsQiocry_RHJxUWDdNUKyAny8
				Accept=*/*
				Content-Type=application/json
Cookies:		<none>
Multiparts:		<none>
Body:
{
    "email": "ione.keeling@yandex.ru",
    "password": "DsYiRYvOaI",
    "name": "Wilbert Bruen"
}
HTTP/1.1 202 Accepted
Date: Sun, 10 Mar 2024 13:56:34 GMT
Content-Type: application/json; charset=utf-8
Content-Length: 54
Connection: keep-alive
X-Powered-By: Express
Access-Control-Allow-Origin: *
ETag: W/"36-hDmZnQ3Ou/ynnqAeC6TYmyseuzY"
CF-Cache-Status: DYNAMIC
Report-To: {"endpoints":[{"url":"https:\/\/a.nel.cloudflare.com\/report\/v3?s=xgnvf40MERS9Icvtitpq8L0EFZtJATtcEftg04LQLZMjccri4p8PYe8etWiKWQmysmPJ2fWQdQ0MWH7T35pKAM5IzPjE1DUALbpVF9qAYyZrzOQ8GIHmp7bSwhdbvA4dxhpJ2ydJoxQdRkcBDh54qKzZBfE%3D"}],"group":"cf-nel","max_age":604800}
NEL: {"success_fraction":0,"report_to":"cf-nel","max_age":604800}
Server: cloudflare
CF-RAY: 8623cf11fc2c6961-FRA
alt-svc: h3=":443"; ma=86400

{
    "success": true,
    "message": "User successfully removed"
}
]]></system-out>
  </testcase>
  <testcase name="createUser" classname="praktikum.model.CreateUserTest" time="0.737">
    <system-out><![CDATA[Request method:	POST
Request URI:	https://stellarburgers.nomoreparties.site/api/auth/register
Proxy:			<none>
Request params:	<none>
Query params:	<none>
Form params:	<none>
Path params:	<none>
Headers:		Accept=*/*
				Content-Type=application/json
Cookies:		<none>
Multiparts:		<none>
Body:
{
    "email": "elton.hoppe@yandex.ru",
    "password": "eMCeOuaFgA",
    "name": "Ja Runolfsson"
}
HTTP/1.1 200 OK
Date: Sun, 10 Mar 2024 13:56:34 GMT
Content-Type: application/json; charset=utf-8
Transfer-Encoding: chunked
Connection: keep-alive
X-Powered-By: Express
Access-Control-Allow-Origin: *
authorization: Bearer eyJhbGciOiJIUzI1NiIsInR5cCI6IkpXVCJ9.eyJpZCI6IjY1ZWRiYzEyOWVkMjgwMDAxYjNjYTAwOCIsImlhdCI6MTcxMDA3ODk5NCwiZXhwIjoxNzEwMDgwMTk0fQ.BnITILTZkWcaL18OwDHP0irm1_O_R2L2FcZNZpQ2aEo
ETag: W/"175-4d3348LjLk9wpUf7UWwxSVemZ5E"
CF-Cache-Status: DYNAMIC
Report-To: {"endpoints":[{"url":"https:\/\/a.nel.cloudflare.com\/report\/v3?s=dg%2Fqd3XWi4%2BJMV%2Bg%2BEf7922qqF1tXCrvnjWttAs7aV95uLSVZp2FAAipZGQPKt0yaDQ%2FadZQJBQsNQhjTGB%2FAvICh9nXQw0H9%2FGz9fGR3ouUwNGuuzjFO1N%2F%2Bwfvq%2FCWHircvbr49YuSAE%2Fb0UctQkgx9Pw%3D"}],"group":"cf-nel","max_age":604800}
NEL: {"success_fraction":0,"report_to":"cf-nel","max_age":604800}
Server: cloudflare
CF-RAY: 8623cf14cb4f3a7f-FRA
Content-Encoding: gzip
alt-svc: h3=":443"; ma=86400

{
    "success": true,
    "user": {
        "email": "elton.hoppe@yandex.ru",
        "name": "Ja Runolfsson"
    },
    "accessToken": "Bearer eyJhbGciOiJIUzI1NiIsInR5cCI6IkpXVCJ9.eyJpZCI6IjY1ZWRiYzEyOWVkMjgwMDAxYjNjYTAwOCIsImlhdCI6MTcxMDA3ODk5NCwiZXhwIjoxNzEwMDgwMTk0fQ.BnITILTZkWcaL18OwDHP0irm1_O_R2L2FcZNZpQ2aEo",
    "refreshToken": "0281bf85f1c834decfae1e7c91c98f3bde01fa7bf15b18c2606267db32cb9923ec7bde3d5cd58cfb"
}
Удаляется пользователь Ja Runolfsson
Request method:	DELETE
Request URI:	https://stellarburgers.nomoreparties.site/api/auth/user
Proxy:			<none>
Request params:	<none>
Query params:	<none>
Form params:	<none>
Path params:	<none>
Headers:		Authorization=Bearer eyJhbGciOiJIUzI1NiIsInR5cCI6IkpXVCJ9.eyJpZCI6IjY1ZWRiYzEyOWVkMjgwMDAxYjNjYTAwOCIsImlhdCI6MTcxMDA3ODk5NCwiZXhwIjoxNzEwMDgwMTk0fQ.BnITILTZkWcaL18OwDHP0irm1_O_R2L2FcZNZpQ2aEo
				Accept=*/*
				Content-Type=application/json
Cookies:		<none>
Multiparts:		<none>
Body:
{
    "email": "elton.hoppe@yandex.ru",
    "password": "eMCeOuaFgA",
    "name": "Ja Runolfsson"
}
HTTP/1.1 202 Accepted
Date: Sun, 10 Mar 2024 13:56:35 GMT
Content-Type: application/json; charset=utf-8
Content-Length: 54
Connection: keep-alive
X-Powered-By: Express
Access-Control-Allow-Origin: *
ETag: W/"36-hDmZnQ3Ou/ynnqAeC6TYmyseuzY"
CF-Cache-Status: DYNAMIC
Report-To: {"endpoints":[{"url":"https:\/\/a.nel.cloudflare.com\/report\/v3?s=hNjlRlM%2FDM9UPNkdAOq8vZTGlMaDxzu%2FUcPQqE8toVaOuADTisuJKGDSgtJVbR4d0LVpkVR%2FfdujK%2FUfnO5SX0I5Kyh%2F2jYcOMWd0XWrzyUY1xj6N3kSiKx%2B5jY43MHiRRLHR%2F7FarmrftT1Lk2PU9J9kzw%3D"}],"group":"cf-nel","max_age":604800}
NEL: {"success_fraction":0,"report_to":"cf-nel","max_age":604800}
Server: cloudflare
CF-RAY: 8623cf168ed965b9-FRA
alt-svc: h3=":443"; ma=86400

{
    "success": true,
    "message": "User successfully removed"
}
]]></system-out>
  </testcase>
</testsuite>