<?xml version="1.0" encoding="UTF-8"?>
<testsuite xmlns:xsi="http://www.w3.org/2001/XMLSchema-instance" xsi:noNamespaceSchemaLocation="https://maven.apache.org/surefire/maven-surefire-plugin/xsd/surefire-test-report-3.0.xsd" version="3.0" name="praktikum.model.UpdateUserTest" time="8.015" tests="6" errors="0" skipped="0" failures="0">
  <properties>
[...]
</properties>
  <testcase name="updateUserWithLoginChangePassword" classname="praktikum.model.UpdateUserTest" time="1.5">
    <system-out><![CDATA[Request method:	POST
Request URI:	https://stellarburgers.nomoreparties.site/api/auth/register
Proxy:			<none>
Request params:	<none>
Query params:	<none>
Form params:	<none>
Path params:	<none>
Headers:		Accept=*/*
				Content-Type=application/json
Cookies:		<none>
Multiparts:		<none>
Body:
{
    "email": "alonso.tillman@yandex.ru",
    "password": "IAfIspYgob",
    "name": "Marleen Robel"
}
HTTP/1.1 200 OK
Date: Sun, 10 Mar 2024 13:11:27 GMT
Content-Type: application/json; charset=utf-8
Transfer-Encoding: chunked
Connection: keep-alive
X-Powered-By: Express
Access-Control-Allow-Origin: *
authorization: Bearer eyJhbGciOiJIUzI1NiIsInR5cCI6IkpXVCJ9.eyJpZCI6IjY1ZWRiMTdmOWVkMjgwMDAxYjNjOWVlNiIsImlhdCI6MTcxMDA3NjI4NywiZXhwIjoxNzEwMDc3NDg3fQ.yl93OrCSAcyOi7uAEQ224befD3CUnYCcH1O_csPrJi8
ETag: W/"178-O2yy7TQP898c4hzof22XNHzBVfE"
CF-Cache-Status: DYNAMIC
Report-To: {"endpoints":[{"url":"https:\/\/a.nel.cloudflare.com\/report\/v3?s=gSlPglL4J68P4OE5j9DJQ4C%2BIjCLdkv9TaQX%2BAU4LYjBfcKzNNnmS%2FUPs3SH1A%2BijlO2ThKXfQBWzHWM3HE3J4mJifH4erz94PhRwcCWGuhx%2BRwWardhdecKRSJaIhbAm9H6b1VSJt1IhVqxUdFhvlvR2ho%3D"}],"group":"cf-nel","max_age":604800}
NEL: {"success_fraction":0,"report_to":"cf-nel","max_age":604800}
Server: cloudflare
CF-RAY: 86238cf97a2b3636-FRA
Content-Encoding: gzip
alt-svc: h3=":443"; ma=86400

{
    "success": true,
    "user": {
        "email": "alonso.tillman@yandex.ru",
        "name": "Marleen Robel"
    },
    "accessToken": "Bearer eyJhbGciOiJIUzI1NiIsInR5cCI6IkpXVCJ9.eyJpZCI6IjY1ZWRiMTdmOWVkMjgwMDAxYjNjOWVlNiIsImlhdCI6MTcxMDA3NjI4NywiZXhwIjoxNzEwMDc3NDg3fQ.yl93OrCSAcyOi7uAEQ224befD3CUnYCcH1O_csPrJi8",
    "refreshToken": "581693b3e5ab50fed48dce781406c88583f2bd0601340229b2f9394103d9d45956bae5848c269a43"
}
Request method:	POST
Request URI:	https://stellarburgers.nomoreparties.site/api/auth/login
Proxy:			<none>
Request params:	<none>
Query params:	<none>
Form params:	<none>
Path params:	<none>
Headers:		Accept=*/*
				Content-Type=application/json
Cookies:		<none>
Multiparts:		<none>
Body:
{
    "email": "alonso.tillman@yandex.ru",
    "password": "IAfIspYgob",
    "name": "Marleen Robel"
}
HTTP/1.1 200 OK
Date: Sun, 10 Mar 2024 13:11:27 GMT
Content-Type: application/json; charset=utf-8
Transfer-Encoding: chunked
Connection: keep-alive
X-Powered-By: Express
Access-Control-Allow-Origin: *
ETag: W/"178-pIu8CILmBfBoD9Fvgo2dwAn9n2E"
CF-Cache-Status: DYNAMIC
Report-To: {"endpoints":[{"url":"https:\/\/a.nel.cloudflare.com\/report\/v3?s=qN3WwZpc3dygyw7SRITL9dYvBvT9QeI%2BQvTOcAfyzadfK5Ss4Zc1dXzCqtIdWcDanrp4L%2FK8qmALor%2FQLdzXm5scAyxIo1BYBA5OUZH2saHCAyUwypdzYG1b%2Ffdzg7UikNH42OZMOeph3a0emQoTqRO%2FK3Q%3D"}],"group":"cf-nel","max_age":604800}
NEL: {"success_fraction":0,"report_to":"cf-nel","max_age":604800}
Server: cloudflare
CF-RAY: 86238cfb795b65bc-FRA
Content-Encoding: gzip
alt-svc: h3=":443"; ma=86400

{
    "success": true,
    "accessToken": "Bearer eyJhbGciOiJIUzI1NiIsInR5cCI6IkpXVCJ9.eyJpZCI6IjY1ZWRiMTdmOWVkMjgwMDAxYjNjOWVlNiIsImlhdCI6MTcxMDA3NjI4NywiZXhwIjoxNzEwMDc3NDg3fQ.yl93OrCSAcyOi7uAEQ224befD3CUnYCcH1O_csPrJi8",
    "refreshToken": "f570da7d2a3421a34cba53ff30e072e56e6e21059b50d1c677e60319638cc58fce2309976d6bf46c",
    "user": {
        "email": "alonso.tillman@yandex.ru",
        "name": "Marleen Robel"
    }
}
Request method:	PATCH
Request URI:	https://stellarburgers.nomoreparties.site/api/auth/user
Proxy:			<none>
Request params:	<none>
Query params:	<none>
Form params:	<none>
Path params:	<none>
Headers:		Authorization=Bearer eyJhbGciOiJIUzI1NiIsInR5cCI6IkpXVCJ9.eyJpZCI6IjY1ZWRiMTdmOWVkMjgwMDAxYjNjOWVlNiIsImlhdCI6MTcxMDA3NjI4NywiZXhwIjoxNzEwMDc3NDg3fQ.yl93OrCSAcyOi7uAEQ224befD3CUnYCcH1O_csPrJi8
				Accept=*/*
				Content-Type=application/json
Cookies:		<none>
Multiparts:		<none>
Body:
{
    "email": "alonso.tillman@yandex.ru",
    "password": "wzDnKOZiMy",
    "name": "Marleen Robel"
}
HTTP/1.1 200 OK
Date: Sun, 10 Mar 2024 13:11:27 GMT
Content-Type: application/json; charset=utf-8
Transfer-Encoding: chunked
Connection: keep-alive
X-Powered-By: Express
Access-Control-Allow-Origin: *
ETag: W/"53-su6IlVdk52gcZNN76fD327314So"
CF-Cache-Status: DYNAMIC
Report-To: {"endpoints":[{"url":"https:\/\/a.nel.cloudflare.com\/report\/v3?s=MokKzZKPQ2A2QxrXkc218qh%2BO4TdoLCZLKW0QYvJKJjWVGabFE4caVe6TmOklfchWeHycmvthzxW2z%2BQedIexxF1%2F49BwsxWkVsSDL6VDwREcwmCFTPICQTyBfFpFd%2FC%2BZaWx1%2Bz97h8axrW7TdXBgeDfrs%3D"}],"group":"cf-nel","max_age":604800}
NEL: {"success_fraction":0,"report_to":"cf-nel","max_age":604800}
Server: cloudflare
CF-RAY: 86238cfd38eb03e0-FRA
Content-Encoding: gzip
alt-svc: h3=":443"; ma=86400

{
    "success": true,
    "user": {
        "email": "alonso.tillman@yandex.ru",
        "name": "Marleen Robel"
    }
}
Request method:	DELETE
Request URI:	https://stellarburgers.nomoreparties.site/api/auth/user
Proxy:			<none>
Request params:	<none>
Query params:	<none>
Form params:	<none>
Path params:	<none>
Headers:		Authorization=Bearer eyJhbGciOiJIUzI1NiIsInR5cCI6IkpXVCJ9.eyJpZCI6IjY1ZWRiMTdmOWVkMjgwMDAxYjNjOWVlNiIsImlhdCI6MTcxMDA3NjI4NywiZXhwIjoxNzEwMDc3NDg3fQ.yl93OrCSAcyOi7uAEQ224befD3CUnYCcH1O_csPrJi8
				Accept=*/*
				Content-Type=application/json
Cookies:		<none>
Multiparts:		<none>
Body:
{
    "email": "alonso.tillman@yandex.ru",
    "password": "wzDnKOZiMy",
    "name": "Marleen Robel"
}
HTTP/1.1 202 Accepted
Date: Sun, 10 Mar 2024 13:11:28 GMT
Content-Type: application/json; charset=utf-8
Content-Length: 54
Connection: keep-alive
X-Powered-By: Express
Access-Control-Allow-Origin: *
ETag: W/"36-hDmZnQ3Ou/ynnqAeC6TYmyseuzY"
CF-Cache-Status: DYNAMIC
Report-To: {"endpoints":[{"url":"https:\/\/a.nel.cloudflare.com\/report\/v3?s=uJ9vdEJxz3tU1p1Nl6jiAZD3%2BwtX0rQZuAYz4sLB7%2BmrcdTXoAUTIg%2BLabOClBZ6ndbfjrIVNmHIgMJb%2ByACsQ1dFb2LgCTBiaHCJ43KpRoOUdMCZLO4AUSsWL1dsXllsE39xhckt7PU6mQN6af4KENxEf0%3D"}],"group":"cf-nel","max_age":604800}
NEL: {"success_fraction":0,"report_to":"cf-nel","max_age":604800}
Server: cloudflare
CF-RAY: 86238cff9b1304a3-FRA
alt-svc: h3=":443"; ma=86400

{
    "success": true,
    "message": "User successfully removed"
}
]]></system-out>
  </testcase>
  <testcase name="updateUserWithLoginChangeEmail" classname="praktikum.model.UpdateUserTest" time="1.335">
    <system-out><![CDATA[Request method:	POST
Request URI:	https://stellarburgers.nomoreparties.site/api/auth/register
Proxy:			<none>
Request params:	<none>
Query params:	<none>
Form params:	<none>
Path params:	<none>
Headers:		Accept=*/*
				Content-Type=application/json
Cookies:		<none>
Multiparts:		<none>
Body:
{
    "email": "berry.cummerata@yandex.ru",
    "password": "llEPPkrEQm",
    "name": "Sunday Ernser"
}
HTTP/1.1 200 OK
Date: Sun, 10 Mar 2024 13:11:28 GMT
Content-Type: application/json; charset=utf-8
Transfer-Encoding: chunked
Connection: keep-alive
X-Powered-By: Express
Access-Control-Allow-Origin: *
authorization: Bearer eyJhbGciOiJIUzI1NiIsInR5cCI6IkpXVCJ9.eyJpZCI6IjY1ZWRiMTgwOWVkMjgwMDAxYjNjOWVlOSIsImlhdCI6MTcxMDA3NjI4OCwiZXhwIjoxNzEwMDc3NDg4fQ.ymVVWhepfcpnm4bBCWl5L1YdUMX0pX8YpN1pdaJJy8M
ETag: W/"179-/FRKnxmScl2rLlQzRloAXmhB/f4"
CF-Cache-Status: DYNAMIC
Report-To: {"endpoints":[{"url":"https:\/\/a.nel.cloudflare.com\/report\/v3?s=spjc7KVjYTfl0No9ba%2BPxXZXqmX4qYhVvtfgjH%2B%2BpyhTzK6Aun2gl%2BK6RDDuvDE2EBsXRiU5tFvhcih2U90ip5wvgFXNRImpWNp2KNH16WwAbmMoYxLLfiPm0Jp4BcqFKSN47CEvzsF9kALK8PeYbrjRenA%3D"}],"group":"cf-nel","max_age":604800}
NEL: {"success_fraction":0,"report_to":"cf-nel","max_age":604800}
Server: cloudflare
CF-RAY: 86238d026e7b902a-FRA
Content-Encoding: gzip
alt-svc: h3=":443"; ma=86400

{
    "success": true,
    "user": {
        "email": "berry.cummerata@yandex.ru",
        "name": "Sunday Ernser"
    },
    "accessToken": "Bearer eyJhbGciOiJIUzI1NiIsInR5cCI6IkpXVCJ9.eyJpZCI6IjY1ZWRiMTgwOWVkMjgwMDAxYjNjOWVlOSIsImlhdCI6MTcxMDA3NjI4OCwiZXhwIjoxNzEwMDc3NDg4fQ.ymVVWhepfcpnm4bBCWl5L1YdUMX0pX8YpN1pdaJJy8M",
    "refreshToken": "68161a003d7e39fe721134ece34826cd7c5021612f5ef877652041d37f422bff13a48db97c96be02"
}
Request method:	POST
Request URI:	https://stellarburgers.nomoreparties.site/api/auth/login
Proxy:			<none>
Request params:	<none>
Query params:	<none>
Form params:	<none>
Path params:	<none>
Headers:		Accept=*/*
				Content-Type=application/json
Cookies:		<none>
Multiparts:		<none>
Body:
{
    "email": "berry.cummerata@yandex.ru",
    "password": "llEPPkrEQm",
    "name": "Sunday Ernser"
}
HTTP/1.1 200 OK
Date: Sun, 10 Mar 2024 13:11:28 GMT
Content-Type: application/json; charset=utf-8
Transfer-Encoding: chunked
Connection: keep-alive
X-Powered-By: Express
Access-Control-Allow-Origin: *
ETag: W/"179-GehkUmDMbt3GPHOfQiFfE32eaBM"
CF-Cache-Status: DYNAMIC
Report-To: {"endpoints":[{"url":"https:\/\/a.nel.cloudflare.com\/report\/v3?s=LVhBRyrkuAQue93Vg5M2doZQB%2Bx7g5GRJf0o8EhBFd8nGOPGqhJZF1s%2FDVxWjLzrHuB3Q%2B%2B%2F40OkuSZEuxKlkrtZeL7b3spmxgo1vRtrug1EryAOw%2BpxWytkRbJCPhfNZUe9rdL8bWab22AymqOQo0OqkVA%3D"}],"group":"cf-nel","max_age":604800}
NEL: {"success_fraction":0,"report_to":"cf-nel","max_age":604800}
Server: cloudflare
CF-RAY: 86238d0449533a61-FRA
Content-Encoding: gzip
alt-svc: h3=":443"; ma=86400

{
    "success": true,
    "accessToken": "Bearer eyJhbGciOiJIUzI1NiIsInR5cCI6IkpXVCJ9.eyJpZCI6IjY1ZWRiMTgwOWVkMjgwMDAxYjNjOWVlOSIsImlhdCI6MTcxMDA3NjI4OCwiZXhwIjoxNzEwMDc3NDg4fQ.ymVVWhepfcpnm4bBCWl5L1YdUMX0pX8YpN1pdaJJy8M",
    "refreshToken": "9017ecf663c1f6719330efd223cf01fc6f8fb3d583b528cfade31022ee8983e864efc15391685be9",
    "user": {
        "email": "berry.cummerata@yandex.ru",
        "name": "Sunday Ernser"
    }
}
Request method:	PATCH
Request URI:	https://stellarburgers.nomoreparties.site/api/auth/user
Proxy:			<none>
Request params:	<none>
Query params:	<none>
Form params:	<none>
Path params:	<none>
Headers:		Authorization=Bearer eyJhbGciOiJIUzI1NiIsInR5cCI6IkpXVCJ9.eyJpZCI6IjY1ZWRiMTgwOWVkMjgwMDAxYjNjOWVlOSIsImlhdCI6MTcxMDA3NjI4OCwiZXhwIjoxNzEwMDc3NDg4fQ.ymVVWhepfcpnm4bBCWl5L1YdUMX0pX8YpN1pdaJJy8M
				Accept=*/*
				Content-Type=application/json
Cookies:		<none>
Multiparts:		<none>
Body:
{
    "email": "rico.okeefe@yahoo.com",
    "password": "llEPPkrEQm",
    "name": "Sunday Ernser"
}
HTTP/1.1 200 OK
Date: Sun, 10 Mar 2024 13:11:29 GMT
Content-Type: application/json; charset=utf-8
Transfer-Encoding: chunked
Connection: keep-alive
X-Powered-By: Express
Access-Control-Allow-Origin: *
ETag: W/"50-EhJFmEIsBRRufANiU33CTeW8nes"
CF-Cache-Status: DYNAMIC
Report-To: {"endpoints":[{"url":"https:\/\/a.nel.cloudflare.com\/report\/v3?s=WuX2G3k%2Blze1QyN31BWq%2BR2TspHaCMOejeV5xuRT0M03tw4fGVuw67EqtvH%2BdaazaKNAPN00sR3ItQ8WPkTlUsD6qzyYPQkK%2B%2B%2Bz5UwtTu7IL1nD5KWqpU7Pm6veoyVem3lm2GuIHWWCEC%2B2k%2B7xGgq6t2U%3D"}],"group":"cf-nel","max_age":604800}
NEL: {"success_fraction":0,"report_to":"cf-nel","max_age":604800}
Server: cloudflare
CF-RAY: 86238d063ab639c1-FRA
Content-Encoding: gzip
alt-svc: h3=":443"; ma=86400

{
    "success": true,
    "user": {
        "email": "rico.okeefe@yahoo.com",
        "name": "Sunday Ernser"
    }
}
Request method:	DELETE
Request URI:	https://stellarburgers.nomoreparties.site/api/auth/user
Proxy:			<none>
Request params:	<none>
Query params:	<none>
Form params:	<none>
Path params:	<none>
Headers:		Authorization=Bearer eyJhbGciOiJIUzI1NiIsInR5cCI6IkpXVCJ9.eyJpZCI6IjY1ZWRiMTgwOWVkMjgwMDAxYjNjOWVlOSIsImlhdCI6MTcxMDA3NjI4OCwiZXhwIjoxNzEwMDc3NDg4fQ.ymVVWhepfcpnm4bBCWl5L1YdUMX0pX8YpN1pdaJJy8M
				Accept=*/*
				Content-Type=application/json
Cookies:		<none>
Multiparts:		<none>
Body:
{
    "email": "rico.okeefe@yahoo.com",
    "password": "llEPPkrEQm",
    "name": "Sunday Ernser"
}
HTTP/1.1 202 Accepted
Date: Sun, 10 Mar 2024 13:11:29 GMT
Content-Type: application/json; charset=utf-8
Content-Length: 54
Connection: keep-alive
X-Powered-By: Express
Access-Control-Allow-Origin: *
ETag: W/"36-hDmZnQ3Ou/ynnqAeC6TYmyseuzY"
CF-Cache-Status: DYNAMIC
Report-To: {"endpoints":[{"url":"https:\/\/a.nel.cloudflare.com\/report\/v3?s=5Wj4pVDkP%2Bl42UvITG5%2F5RetRtR2VyhRjy0kzY0G88B35Taat%2B2IGH8%2BRfirebmDsHcDnsIPhe73EUVcD7Si64Xvnwyp9eNwnrqkJ9qRWXJNEiGRHKGx77U0Gs5VqjcuqCyw42e%2BfNxj5dl6Jb4uB2EVEDU%3D"}],"group":"cf-nel","max_age":604800}
NEL: {"success_fraction":0,"report_to":"cf-nel","max_age":604800}
Server: cloudflare
CF-RAY: 86238d082e615d59-FRA
alt-svc: h3=":443"; ma=86400

{
    "success": true,
    "message": "User successfully removed"
}
]]></system-out>
  </testcase>
  <testcase name="updateUserWithLoginChangeName" classname="praktikum.model.UpdateUserTest" time="1.262">
    <system-out><![CDATA[Request method:	POST
Request URI:	https://stellarburgers.nomoreparties.site/api/auth/register
Proxy:			<none>
Request params:	<none>
Query params:	<none>
Form params:	<none>
Path params:	<none>
Headers:		Accept=*/*
				Content-Type=application/json
Cookies:		<none>
Multiparts:		<none>
Body:
{
    "email": "maude.nolan@yandex.ru",
    "password": "vpmUaqWhGV",
    "name": "Ivory Schoen"
}
HTTP/1.1 200 OK
Date: Sun, 10 Mar 2024 13:11:29 GMT
Content-Type: application/json; charset=utf-8
Transfer-Encoding: chunked
Connection: keep-alive
X-Powered-By: Express
Access-Control-Allow-Origin: *
authorization: Bearer eyJhbGciOiJIUzI1NiIsInR5cCI6IkpXVCJ9.eyJpZCI6IjY1ZWRiMTgxOWVkMjgwMDAxYjNjOWVlYyIsImlhdCI6MTcxMDA3NjI4OSwiZXhwIjoxNzEwMDc3NDg5fQ.3BTqcKw3YbvleLfqUzjbq5jQi2nSmykWCoPdH5heTRQ
ETag: W/"174-qJvpjfWI14vDz5bR3vUUYiFILuo"
CF-Cache-Status: DYNAMIC
Report-To: {"endpoints":[{"url":"https:\/\/a.nel.cloudflare.com\/report\/v3?s=cTVNzY8oDjIQv0Dtbrw3VOEBTiHG7IdHgF28EhLT7qq040QRV32Y9Dio%2BpCmOO%2BmE%2BRhWu65%2ByCRZl8Cyt2Zgg2Z6vavAZHPXuNP1kzDgeI43%2FLqyPXo%2FngHq6tphSHcKgJ%2Brn%2Fn1%2BuCv4QzPTdVN5MK1Ec%3D"}],"group":"cf-nel","max_age":604800}
NEL: {"success_fraction":0,"report_to":"cf-nel","max_age":604800}
Server: cloudflare
CF-RAY: 86238d0abc4a1e59-FRA
Content-Encoding: gzip
alt-svc: h3=":443"; ma=86400

{
    "success": true,
    "user": {
        "email": "maude.nolan@yandex.ru",
        "name": "Ivory Schoen"
    },
    "accessToken": "Bearer eyJhbGciOiJIUzI1NiIsInR5cCI6IkpXVCJ9.eyJpZCI6IjY1ZWRiMTgxOWVkMjgwMDAxYjNjOWVlYyIsImlhdCI6MTcxMDA3NjI4OSwiZXhwIjoxNzEwMDc3NDg5fQ.3BTqcKw3YbvleLfqUzjbq5jQi2nSmykWCoPdH5heTRQ",
    "refreshToken": "cfbf3db65aa310cda8367b520e2072fa13db5204eb89a0a51adcc5d84409e55f3a1e386b9f8f484f"
}
Request method:	POST
Request URI:	https://stellarburgers.nomoreparties.site/api/auth/login
Proxy:			<none>
Request params:	<none>
Query params:	<none>
Form params:	<none>
Path params:	<none>
Headers:		Accept=*/*
				Content-Type=application/json
Cookies:		<none>
Multiparts:		<none>
Body:
{
    "email": "maude.nolan@yandex.ru",
    "password": "vpmUaqWhGV",
    "name": "Ivory Schoen"
}
HTTP/1.1 200 OK
Date: Sun, 10 Mar 2024 13:11:30 GMT
Content-Type: application/json; charset=utf-8
Transfer-Encoding: chunked
Connection: keep-alive
X-Powered-By: Express
Access-Control-Allow-Origin: *
ETag: W/"174-v4/PwiHwx3RO/zV5P0Lts7egbK4"
CF-Cache-Status: DYNAMIC
Report-To: {"endpoints":[{"url":"https:\/\/a.nel.cloudflare.com\/report\/v3?s=UfwoJNXK9n9q2Ta9Jpwg0S0l9aYsyOpoUsqkZ9Pntr4xvbv%2B9qnn0QaShMsI%2BBMsICa9kV1df%2B%2BY6e2ZvMhG7Pu4WtpDO6GyoarwwviUi9K7OODknuM6Y6wqUv%2Butw2UNk06x%2BGHrWUDtMDHVvFoK0DbMRQ%3D"}],"group":"cf-nel","max_age":604800}
NEL: {"success_fraction":0,"report_to":"cf-nel","max_age":604800}
Server: cloudflare
CF-RAY: 86238d0c9c96bbf2-FRA
Content-Encoding: gzip
alt-svc: h3=":443"; ma=86400

{
    "success": true,
    "accessToken": "Bearer eyJhbGciOiJIUzI1NiIsInR5cCI6IkpXVCJ9.eyJpZCI6IjY1ZWRiMTgxOWVkMjgwMDAxYjNjOWVlYyIsImlhdCI6MTcxMDA3NjI5MCwiZXhwIjoxNzEwMDc3NDkwfQ.bbnWBRAQVygAsOUqhHd28nCNLah2OPaqaPLlzPLBxl8",
    "refreshToken": "02071382113aaa547f0f7314f9c44fdf19209bc9e6bb0f743f6cf08ae86f9b9c73272763673b997d",
    "user": {
        "email": "maude.nolan@yandex.ru",
        "name": "Ivory Schoen"
    }
}
Request method:	PATCH
Request URI:	https://stellarburgers.nomoreparties.site/api/auth/user
Proxy:			<none>
Request params:	<none>
Query params:	<none>
Form params:	<none>
Path params:	<none>
Headers:		Authorization=Bearer eyJhbGciOiJIUzI1NiIsInR5cCI6IkpXVCJ9.eyJpZCI6IjY1ZWRiMTgxOWVkMjgwMDAxYjNjOWVlYyIsImlhdCI6MTcxMDA3NjI5MCwiZXhwIjoxNzEwMDc3NDkwfQ.bbnWBRAQVygAsOUqhHd28nCNLah2OPaqaPLlzPLBxl8
				Accept=*/*
				Content-Type=application/json
Cookies:		<none>
Multiparts:		<none>
Body:
{
    "email": "maude.nolan@yandex.ru",
    "password": "vpmUaqWhGV",
    "name": "Mrs. Frederic Lind"
}
HTTP/1.1 200 OK
Date: Sun, 10 Mar 2024 13:11:30 GMT
Content-Type: application/json; charset=utf-8
Transfer-Encoding: chunked
Connection: keep-alive
X-Powered-By: Express
Access-Control-Allow-Origin: *
ETag: W/"55-+b+viV/AyaMaoZIn0Y3hViwQcEQ"
CF-Cache-Status: DYNAMIC
Report-To: {"endpoints":[{"url":"https:\/\/a.nel.cloudflare.com\/report\/v3?s=ShzU15TKnZbdasXLnDr%2BdDeMPIiTvypLylUfk3pLvM6LzrNl%2B20OJYUXhTXBh1oBh4B1jL1Wrcy0lmWqWG85hALQeNXjdQ6qmMCOqFeqI3bwiJuawAfdl25qOlJZyU1qv2AUHukVwpjGINgRFxJRXVYatcU%3D"}],"group":"cf-nel","max_age":604800}
NEL: {"success_fraction":0,"report_to":"cf-nel","max_age":604800}
Server: cloudflare
CF-RAY: 86238d0e6fdb30c9-FRA
Content-Encoding: gzip
alt-svc: h3=":443"; ma=86400

{
    "success": true,
    "user": {
        "email": "maude.nolan@yandex.ru",
        "name": "Mrs. Frederic Lind"
    }
}
Request method:	DELETE
Request URI:	https://stellarburgers.nomoreparties.site/api/auth/user
Proxy:			<none>
Request params:	<none>
Query params:	<none>
Form params:	<none>
Path params:	<none>
Headers:		Authorization=Bearer eyJhbGciOiJIUzI1NiIsInR5cCI6IkpXVCJ9.eyJpZCI6IjY1ZWRiMTgxOWVkMjgwMDAxYjNjOWVlYyIsImlhdCI6MTcxMDA3NjI5MCwiZXhwIjoxNzEwMDc3NDkwfQ.bbnWBRAQVygAsOUqhHd28nCNLah2OPaqaPLlzPLBxl8
				Accept=*/*
				Content-Type=application/json
Cookies:		<none>
Multiparts:		<none>
Body:
{
    "email": "maude.nolan@yandex.ru",
    "password": "vpmUaqWhGV",
    "name": "Mrs. Frederic Lind"
}
HTTP/1.1 202 Accepted
Date: Sun, 10 Mar 2024 13:11:30 GMT
Content-Type: application/json; charset=utf-8
Content-Length: 54
Connection: keep-alive
X-Powered-By: Express
Access-Control-Allow-Origin: *
ETag: W/"36-hDmZnQ3Ou/ynnqAeC6TYmyseuzY"
CF-Cache-Status: DYNAMIC
Report-To: {"endpoints":[{"url":"https:\/\/a.nel.cloudflare.com\/report\/v3?s=5wqVZRm1HOSCIFH3lWxUiafs0ZjDRxfeNyc%2BlL1X%2BMz9dr%2FOxRbXhQW7y9rLL2PYixX5mubBFd0fhEAJzQrYXAR%2FkMrhcoZ0I7YDMy04JpND%2B6dXAg%2BT%2B8k2eFfujakoV86q641fAmCDtnHdmvfpIPGmz4k%3D"}],"group":"cf-nel","max_age":604800}
NEL: {"success_fraction":0,"report_to":"cf-nel","max_age":604800}
Server: cloudflare
CF-RAY: 86238d101d699072-FRA
alt-svc: h3=":443"; ma=86400

{
    "success": true,
    "message": "User successfully removed"
}
]]></system-out>
  </testcase>
  <testcase name="updateUserWithOutLoginChangePassword" classname="praktikum.model.UpdateUserTest" time="1.224">
    <system-out><![CDATA[Request method:	POST
Request URI:	https://stellarburgers.nomoreparties.site/api/auth/register
Proxy:			<none>
Request params:	<none>
Query params:	<none>
Form params:	<none>
Path params:	<none>
Headers:		Accept=*/*
				Content-Type=application/json
Cookies:		<none>
Multiparts:		<none>
Body:
{
    "email": "vito.corkery@yandex.ru",
    "password": "ExRAubksiZ",
    "name": "Heath Hand"
}
HTTP/1.1 200 OK
Date: Sun, 10 Mar 2024 13:11:31 GMT
Content-Type: application/json; charset=utf-8
Transfer-Encoding: chunked
Connection: keep-alive
X-Powered-By: Express
Access-Control-Allow-Origin: *
authorization: Bearer eyJhbGciOiJIUzI1NiIsInR5cCI6IkpXVCJ9.eyJpZCI6IjY1ZWRiMTgzOWVkMjgwMDAxYjNjOWVlZiIsImlhdCI6MTcxMDA3NjI5MSwiZXhwIjoxNzEwMDc3NDkxfQ.PV-PbTeCoYUU9oM_RIkwhurjBkhbLT7S8GT_gO40zpA
ETag: W/"173-1cNeGT1NktG1KyIqAc7fU48ZqoU"
CF-Cache-Status: DYNAMIC
Report-To: {"endpoints":[{"url":"https:\/\/a.nel.cloudflare.com\/report\/v3?s=ceQZ7XYMQEtRCe6%2Fx7eVIATeY7O5XDm4PQvmHjM%2FmFZFzrel68U1%2Fk1lS8W46zHrHfUiO1lsWOH5eLoEa%2B9c9NIs75ovj1DlfF%2F5Bl1is6ZkdoAvUnsyTdq8TbBHR8TwDHDoEMHCNvaXzA0%2F16Rsx870hgQ%3D"}],"group":"cf-nel","max_age":604800}
NEL: {"success_fraction":0,"report_to":"cf-nel","max_age":604800}
Server: cloudflare
CF-RAY: 86238d12be189211-FRA
Content-Encoding: gzip
alt-svc: h3=":443"; ma=86400

{
    "success": true,
    "user": {
        "email": "vito.corkery@yandex.ru",
        "name": "Heath Hand"
    },
    "accessToken": "Bearer eyJhbGciOiJIUzI1NiIsInR5cCI6IkpXVCJ9.eyJpZCI6IjY1ZWRiMTgzOWVkMjgwMDAxYjNjOWVlZiIsImlhdCI6MTcxMDA3NjI5MSwiZXhwIjoxNzEwMDc3NDkxfQ.PV-PbTeCoYUU9oM_RIkwhurjBkhbLT7S8GT_gO40zpA",
    "refreshToken": "394b0f37dc98985d813b308032387caf141e695573a9af5b75623d399e52979ac60837b2c1949e2d"
}
Request method:	POST
Request URI:	https://stellarburgers.nomoreparties.site/api/auth/login
Proxy:			<none>
Request params:	<none>
Query params:	<none>
Form params:	<none>
Path params:	<none>
Headers:		Accept=*/*
				Content-Type=application/json
Cookies:		<none>
Multiparts:		<none>
Body:
{
    "email": "vito.corkery@yandex.ru",
    "password": "ExRAubksiZ",
    "name": "Heath Hand"
}
HTTP/1.1 200 OK
Date: Sun, 10 Mar 2024 13:11:31 GMT
Content-Type: application/json; charset=utf-8
Transfer-Encoding: chunked
Connection: keep-alive
X-Powered-By: Express
Access-Control-Allow-Origin: *
ETag: W/"173-LlKRA1TBTlQAom28vN/cJrh3moA"
CF-Cache-Status: DYNAMIC
Report-To: {"endpoints":[{"url":"https:\/\/a.nel.cloudflare.com\/report\/v3?s=wVyWKo6wY%2Frk1xx%2BkX3BaGrnYsH54gYuuyYzYPPfHOD3GJxphkIU1zYBJqzs16%2FuhHqhN%2FFJ7x4Fv5MgrlJIgQ8mf%2BflY7%2BPUhtr2Nzmji3uzVSy8CPl7POqwH483mLQ0TrwsrLZvNE%2BwGUW0%2FdAxtew73Q%3D"}],"group":"cf-nel","max_age":604800}
NEL: {"success_fraction":0,"report_to":"cf-nel","max_age":604800}
Server: cloudflare
CF-RAY: 86238d1498b930e8-FRA
Content-Encoding: gzip
alt-svc: h3=":443"; ma=86400

{
    "success": true,
    "accessToken": "Bearer eyJhbGciOiJIUzI1NiIsInR5cCI6IkpXVCJ9.eyJpZCI6IjY1ZWRiMTgzOWVkMjgwMDAxYjNjOWVlZiIsImlhdCI6MTcxMDA3NjI5MSwiZXhwIjoxNzEwMDc3NDkxfQ.PV-PbTeCoYUU9oM_RIkwhurjBkhbLT7S8GT_gO40zpA",
    "refreshToken": "2e45f65bf53937b8b24337001100be77bc3a36138a4640fabafd0681d3ba8356e8ea2f2ac7067862",
    "user": {
        "email": "vito.corkery@yandex.ru",
        "name": "Heath Hand"
    }
}
Request method:	PATCH
Request URI:	https://stellarburgers.nomoreparties.site/api/auth/user
Proxy:			<none>
Request params:	<none>
Query params:	<none>
Form params:	<none>
Path params:	<none>
Headers:		Accept=*/*
				Content-Type=application/json
Cookies:		<none>
Multiparts:		<none>
Body:
{
    "email": "vito.corkery@yandex.ru",
    "password": "ZeUsBzjQFS",
    "name": "Heath Hand"
}
HTTP/1.1 401 Unauthorized
Date: Sun, 10 Mar 2024 13:11:31 GMT
Content-Type: application/json; charset=utf-8
Content-Length: 54
Connection: keep-alive
X-Powered-By: Express
Access-Control-Allow-Origin: *
ETag: W/"36-9ndkQYJpZ8s0sMN790Nuh0MLq/U"
CF-Cache-Status: DYNAMIC
Report-To: {"endpoints":[{"url":"https:\/\/a.nel.cloudflare.com\/report\/v3?s=%2BnKzzhhWJixrOmGlcnAGdzrNfotXyvXuoaXccCR5DpoxYUK7Oosc%2FovuLWYaLovhij1GwzGR32I0CO%2F4yNG92p32BWH4y4HweIRb6FK3Tyoz8j%2F9RUU6XKrnB7VL6eHJt9zpgXDv6%2FePhT2Lfy7L48ibXrs%3D"}],"group":"cf-nel","max_age":604800}
NEL: {"success_fraction":0,"report_to":"cf-nel","max_age":604800}
Server: cloudflare
CF-RAY: 86238d166b9f5d8a-FRA
alt-svc: h3=":443"; ma=86400

{
    "success": false,
    "message": "You should be authorised"
}
HTTP/1.1 401 Unauthorized
Date: Sun, 10 Mar 2024 13:11:31 GMT
Content-Type: application/json; charset=utf-8
Content-Length: 54
Connection: keep-alive
X-Powered-By: Express
Access-Control-Allow-Origin: *
ETag: W/"36-9ndkQYJpZ8s0sMN790Nuh0MLq/U"
CF-Cache-Status: DYNAMIC
Report-To: {"endpoints":[{"url":"https:\/\/a.nel.cloudflare.com\/report\/v3?s=%2BnKzzhhWJixrOmGlcnAGdzrNfotXyvXuoaXccCR5DpoxYUK7Oosc%2FovuLWYaLovhij1GwzGR32I0CO%2F4yNG92p32BWH4y4HweIRb6FK3Tyoz8j%2F9RUU6XKrnB7VL6eHJt9zpgXDv6%2FePhT2Lfy7L48ibXrs%3D"}],"group":"cf-nel","max_age":604800}
NEL: {"success_fraction":0,"report_to":"cf-nel","max_age":604800}
Server: cloudflare
CF-RAY: 86238d166b9f5d8a-FRA
alt-svc: h3=":443"; ma=86400

{
    "success": false,
    "message": "You should be authorised"
}
Request method:	DELETE
Request URI:	https://stellarburgers.nomoreparties.site/api/auth/user
Proxy:			<none>
Request params:	<none>
Query params:	<none>
Form params:	<none>
Path params:	<none>
Headers:		Authorization=Bearer eyJhbGciOiJIUzI1NiIsInR5cCI6IkpXVCJ9.eyJpZCI6IjY1ZWRiMTgzOWVkMjgwMDAxYjNjOWVlZiIsImlhdCI6MTcxMDA3NjI5MSwiZXhwIjoxNzEwMDc3NDkxfQ.PV-PbTeCoYUU9oM_RIkwhurjBkhbLT7S8GT_gO40zpA
				Accept=*/*
				Content-Type=application/json
Cookies:		<none>
Multiparts:		<none>
Body:
{
    "email": "vito.corkery@yandex.ru",
    "password": "ZeUsBzjQFS",
    "name": "Heath Hand"
}
HTTP/1.1 202 Accepted
Date: Sun, 10 Mar 2024 13:11:32 GMT
Content-Type: application/json; charset=utf-8
Content-Length: 54
Connection: keep-alive
X-Powered-By: Express
Access-Control-Allow-Origin: *
ETag: W/"36-hDmZnQ3Ou/ynnqAeC6TYmyseuzY"
CF-Cache-Status: DYNAMIC
Report-To: {"endpoints":[{"url":"https:\/\/a.nel.cloudflare.com\/report\/v3?s=s78WVNtsalbTsqYynJuctF9UmJ%2FyOmAKfVybWD2meh0VvtpizcgvxagRP7b84zoyvXtUpt%2BPlUeEptKMxUKYgp21YrPCGc5ui42VCERULyNNG6ZKGZVeWGKdkFAR4QrJjWYWo4FirjwMqZXE3YzIOKivyvQ%3D"}],"group":"cf-nel","max_age":604800}
NEL: {"success_fraction":0,"report_to":"cf-nel","max_age":604800}
Server: cloudflare
CF-RAY: 86238d17bb4d3687-FRA
alt-svc: h3=":443"; ma=86400

{
    "success": true,
    "message": "User successfully removed"
}
]]></system-out>
  </testcase>
  <testcase name="updateUserWithOutLoginChangeName" classname="praktikum.model.UpdateUserTest" time="1.344">
    <system-out><![CDATA[Request method:	POST
Request URI:	https://stellarburgers.nomoreparties.site/api/auth/register
Proxy:			<none>
Request params:	<none>
Query params:	<none>
Form params:	<none>
Path params:	<none>
Headers:		Accept=*/*
				Content-Type=application/json
Cookies:		<none>
Multiparts:		<none>
Body:
{
    "email": "venetta.ratke@yandex.ru",
    "password": "EiPfQBLZhD",
    "name": "Miles Bernier"
}
HTTP/1.1 200 OK
Date: Sun, 10 Mar 2024 13:11:32 GMT
Content-Type: application/json; charset=utf-8
Transfer-Encoding: chunked
Connection: keep-alive
X-Powered-By: Express
Access-Control-Allow-Origin: *
authorization: Bearer eyJhbGciOiJIUzI1NiIsInR5cCI6IkpXVCJ9.eyJpZCI6IjY1ZWRiMTg0OWVkMjgwMDAxYjNjOWVmMiIsImlhdCI6MTcxMDA3NjI5MiwiZXhwIjoxNzEwMDc3NDkyfQ.qGKfWAJxn2Ipicj20BNBt7oSpyDJMYHwV0LtQVl2tMI
ETag: W/"177-qxYkGT9y7gIm5wGV+0HT1s/Lx7c"
CF-Cache-Status: DYNAMIC
Report-To: {"endpoints":[{"url":"https:\/\/a.nel.cloudflare.com\/report\/v3?s=46EwNQRTw3oeofdKKUDGJxR9AacViNM%2BP4uJdsYakfIQ%2FkkMdpJKtkBkDr0U5eZMIEVCK41UGTX3%2Fxhv%2FuuwltTn%2BNatifDLDF8XJc4XamhvM5Q3keV6mTs2iH73c8X4HqWYI8%2Bk5uKa1vDw7JLYxq3RX10%3D"}],"group":"cf-nel","max_age":604800}
NEL: {"success_fraction":0,"report_to":"cf-nel","max_age":604800}
Server: cloudflare
CF-RAY: 86238d1a5b57047a-FRA
Content-Encoding: gzip
alt-svc: h3=":443"; ma=86400

{
    "success": true,
    "user": {
        "email": "venetta.ratke@yandex.ru",
        "name": "Miles Bernier"
    },
    "accessToken": "Bearer eyJhbGciOiJIUzI1NiIsInR5cCI6IkpXVCJ9.eyJpZCI6IjY1ZWRiMTg0OWVkMjgwMDAxYjNjOWVmMiIsImlhdCI6MTcxMDA3NjI5MiwiZXhwIjoxNzEwMDc3NDkyfQ.qGKfWAJxn2Ipicj20BNBt7oSpyDJMYHwV0LtQVl2tMI",
    "refreshToken": "1ee46b1bc641f876d02ccd5a3c08468f32db240943d08312d355b9e89c07dc35e04e9d925f16802a"
}
Request method:	POST
Request URI:	https://stellarburgers.nomoreparties.site/api/auth/login
Proxy:			<none>
Request params:	<none>
Query params:	<none>
Form params:	<none>
Path params:	<none>
Headers:		Accept=*/*
				Content-Type=application/json
Cookies:		<none>
Multiparts:		<none>
Body:
{
    "email": "venetta.ratke@yandex.ru",
    "password": "EiPfQBLZhD",
    "name": "Miles Bernier"
}
HTTP/1.1 200 OK
Date: Sun, 10 Mar 2024 13:11:32 GMT
Content-Type: application/json; charset=utf-8
Transfer-Encoding: chunked
Connection: keep-alive
X-Powered-By: Express
Access-Control-Allow-Origin: *
ETag: W/"177-VOwuaEkoGeWwk4BiszsRGOOyr3Q"
CF-Cache-Status: DYNAMIC
Report-To: {"endpoints":[{"url":"https:\/\/a.nel.cloudflare.com\/report\/v3?s=gsbTM%2Fp3jisU1qMvcRcFsuubDP1s0UhsQNCTl8OD6MZ9JuPQjbIrLkpAVxEe1mf%2FSRSbWYGB9XMDhEl6lZxkKWqN6HgsvdNaj9Gk1klRu1lO%2BQ6c%2BzUFVE0sir1Hqt7%2F5Xf7g3OXbQ%2F9LExKQ4jbzkc81UI%3D"}],"group":"cf-nel","max_age":604800}
NEL: {"success_fraction":0,"report_to":"cf-nel","max_age":604800}
Server: cloudflare
CF-RAY: 86238d1ccaea65b4-FRA
Content-Encoding: gzip
alt-svc: h3=":443"; ma=86400

{
    "success": true,
    "accessToken": "Bearer eyJhbGciOiJIUzI1NiIsInR5cCI6IkpXVCJ9.eyJpZCI6IjY1ZWRiMTg0OWVkMjgwMDAxYjNjOWVmMiIsImlhdCI6MTcxMDA3NjI5MiwiZXhwIjoxNzEwMDc3NDkyfQ.qGKfWAJxn2Ipicj20BNBt7oSpyDJMYHwV0LtQVl2tMI",
    "refreshToken": "7cf105ccb1849613e1295d200d54160fda344b25fa8089e34eb003dbeca33e7f1d0a8e4b013cb4ce",
    "user": {
        "email": "venetta.ratke@yandex.ru",
        "name": "Miles Bernier"
    }
}
Request method:	PATCH
Request URI:	https://stellarburgers.nomoreparties.site/api/auth/user
Proxy:			<none>
Request params:	<none>
Query params:	<none>
Form params:	<none>
Path params:	<none>
Headers:		Accept=*/*
				Content-Type=application/json
Cookies:		<none>
Multiparts:		<none>
Body:
{
    "email": "venetta.ratke@yandex.ru",
    "password": "EiPfQBLZhD",
    "name": "Hassan Dickinson II"
}
HTTP/1.1 401 Unauthorized
Date: Sun, 10 Mar 2024 13:11:32 GMT
Content-Type: application/json; charset=utf-8
Content-Length: 54
Connection: keep-alive
X-Powered-By: Express
Access-Control-Allow-Origin: *
ETag: W/"36-9ndkQYJpZ8s0sMN790Nuh0MLq/U"
CF-Cache-Status: DYNAMIC
Report-To: {"endpoints":[{"url":"https:\/\/a.nel.cloudflare.com\/report\/v3?s=W8VGcAj4%2Fy10IlzPz5Ws0OYR1XFbdxAYFPlgv78AXkOm3iyjTaZJMJgWi4ahYwBjaUnWItJwnSiRkl3Ny49%2FLXax3opOl2%2Figj%2FNAlabOojI7BPcu7bQpj4OEeUSOuj5c00y36PZmeS%2BLzsNdx7NufEc2Vk%3D"}],"group":"cf-nel","max_age":604800}
NEL: {"success_fraction":0,"report_to":"cf-nel","max_age":604800}
Server: cloudflare
CF-RAY: 86238d1e8b929b46-FRA
alt-svc: h3=":443"; ma=86400

{
    "success": false,
    "message": "You should be authorised"
}
HTTP/1.1 401 Unauthorized
Date: Sun, 10 Mar 2024 13:11:32 GMT
Content-Type: application/json; charset=utf-8
Content-Length: 54
Connection: keep-alive
X-Powered-By: Express
Access-Control-Allow-Origin: *
ETag: W/"36-9ndkQYJpZ8s0sMN790Nuh0MLq/U"
CF-Cache-Status: DYNAMIC
Report-To: {"endpoints":[{"url":"https:\/\/a.nel.cloudflare.com\/report\/v3?s=W8VGcAj4%2Fy10IlzPz5Ws0OYR1XFbdxAYFPlgv78AXkOm3iyjTaZJMJgWi4ahYwBjaUnWItJwnSiRkl3Ny49%2FLXax3opOl2%2Figj%2FNAlabOojI7BPcu7bQpj4OEeUSOuj5c00y36PZmeS%2BLzsNdx7NufEc2Vk%3D"}],"group":"cf-nel","max_age":604800}
NEL: {"success_fraction":0,"report_to":"cf-nel","max_age":604800}
Server: cloudflare
CF-RAY: 86238d1e8b929b46-FRA
alt-svc: h3=":443"; ma=86400

{
    "success": false,
    "message": "You should be authorised"
}
Request method:	DELETE
Request URI:	https://stellarburgers.nomoreparties.site/api/auth/user
Proxy:			<none>
Request params:	<none>
Query params:	<none>
Form params:	<none>
Path params:	<none>
Headers:		Authorization=Bearer eyJhbGciOiJIUzI1NiIsInR5cCI6IkpXVCJ9.eyJpZCI6IjY1ZWRiMTg0OWVkMjgwMDAxYjNjOWVmMiIsImlhdCI6MTcxMDA3NjI5MiwiZXhwIjoxNzEwMDc3NDkyfQ.qGKfWAJxn2Ipicj20BNBt7oSpyDJMYHwV0LtQVl2tMI
				Accept=*/*
				Content-Type=application/json
Cookies:		<none>
Multiparts:		<none>
Body:
{
    "email": "venetta.ratke@yandex.ru",
    "password": "EiPfQBLZhD",
    "name": "Hassan Dickinson II"
}
HTTP/1.1 202 Accepted
Date: Sun, 10 Mar 2024 13:11:33 GMT
Content-Type: application/json; charset=utf-8
Content-Length: 54
Connection: keep-alive
X-Powered-By: Express
Access-Control-Allow-Origin: *
ETag: W/"36-hDmZnQ3Ou/ynnqAeC6TYmyseuzY"
CF-Cache-Status: DYNAMIC
Report-To: {"endpoints":[{"url":"https:\/\/a.nel.cloudflare.com\/report\/v3?s=kBj%2Fxq0XY6P3Zqbxpcro9alKuWRHxX3k1W2etKBJPvO2jY0f%2B%2BMEeh4zpYdcfZsfI3nNdoJDmN5WRzl9Y0nLsH%2FscRnnZi5QjizT2AXM1UGkXw3cg4Xdqxh7HCUmQv7IA%2BBtxMun8TnPrPcNN8nUDUsblU4%3D"}],"group":"cf-nel","max_age":604800}
NEL: {"success_fraction":0,"report_to":"cf-nel","max_age":604800}
Server: cloudflare
CF-RAY: 86238d201ea992b4-FRA
alt-svc: h3=":443"; ma=86400

{
    "success": true,
    "message": "User successfully removed"
}
]]></system-out>
  </testcase>
  <testcase name="updateUserWithOutLoginChangeEmail" classname="praktikum.model.UpdateUserTest" time="1.329">
    <system-out><![CDATA[Request method:	POST
Request URI:	https://stellarburgers.nomoreparties.site/api/auth/register
Proxy:			<none>
Request params:	<none>
Query params:	<none>
Form params:	<none>
Path params:	<none>
Headers:		Accept=*/*
				Content-Type=application/json
Cookies:		<none>
Multiparts:		<none>
Body:
{
    "email": "isiah.kemmer@yandex.ru",
    "password": "pMsdgvBTqx",
    "name": "Shera Sporer Sr."
}
HTTP/1.1 200 OK
Date: Sun, 10 Mar 2024 13:11:33 GMT
Content-Type: application/json; charset=utf-8
Transfer-Encoding: chunked
Connection: keep-alive
X-Powered-By: Express
Access-Control-Allow-Origin: *
authorization: Bearer eyJhbGciOiJIUzI1NiIsInR5cCI6IkpXVCJ9.eyJpZCI6IjY1ZWRiMTg1OWVkMjgwMDAxYjNjOWVmNSIsImlhdCI6MTcxMDA3NjI5MywiZXhwIjoxNzEwMDc3NDkzfQ.PdpeSrsaPRNFwvMolRCrk3tVMm6LUt0AmOjM2DujDJ0
ETag: W/"179-sW8pbChgdGOelqx+vID1RsR/b8M"
CF-Cache-Status: DYNAMIC
Report-To: {"endpoints":[{"url":"https:\/\/a.nel.cloudflare.com\/report\/v3?s=WX16ILwwQZBt8OGm3lLUfLQTfbZjJDyrpZBH%2BAOWwNjRIw3zRCBOIhrhBjuM3b5gWyyFWCNIO%2FLEe4J9JiA0f%2Ffo4YB5ogAgFFzM3lJZ%2BbAQ8FfN%2FTnVQGZjQngz144CVmd8%2FXZbDu2JdUcpTyKUPsz%2B0vo%3D"}],"group":"cf-nel","max_age":604800}
NEL: {"success_fraction":0,"report_to":"cf-nel","max_age":604800}
Server: cloudflare
CF-RAY: 86238d22b8c84dc7-FRA
Content-Encoding: gzip
alt-svc: h3=":443"; ma=86400

{
    "success": true,
    "user": {
        "email": "isiah.kemmer@yandex.ru",
        "name": "Shera Sporer Sr."
    },
    "accessToken": "Bearer eyJhbGciOiJIUzI1NiIsInR5cCI6IkpXVCJ9.eyJpZCI6IjY1ZWRiMTg1OWVkMjgwMDAxYjNjOWVmNSIsImlhdCI6MTcxMDA3NjI5MywiZXhwIjoxNzEwMDc3NDkzfQ.PdpeSrsaPRNFwvMolRCrk3tVMm6LUt0AmOjM2DujDJ0",
    "refreshToken": "1b7db74f56651fcd8bf4ccadd2fde24b7b4f23340e5373fd89c345fda8277a723f570ba35e0023c6"
}
Request method:	POST
Request URI:	https://stellarburgers.nomoreparties.site/api/auth/login
Proxy:			<none>
Request params:	<none>
Query params:	<none>
Form params:	<none>
Path params:	<none>
Headers:		Accept=*/*
				Content-Type=application/json
Cookies:		<none>
Multiparts:		<none>
Body:
{
    "email": "isiah.kemmer@yandex.ru",
    "password": "pMsdgvBTqx",
    "name": "Shera Sporer Sr."
}
HTTP/1.1 200 OK
Date: Sun, 10 Mar 2024 13:11:33 GMT
Content-Type: application/json; charset=utf-8
Transfer-Encoding: chunked
Connection: keep-alive
X-Powered-By: Express
Access-Control-Allow-Origin: *
ETag: W/"179-9hLrDPQceIDJRnsqTWtJlJPJ99Q"
CF-Cache-Status: DYNAMIC
Report-To: {"endpoints":[{"url":"https:\/\/a.nel.cloudflare.com\/report\/v3?s=ThU8BsapUofj2Ezr2hlN%2Ffj7X6f9NrFG6sk4ac64kK2JytwqJJkf%2B3jHHbbZ9aanEnxeJqNfz9MgT%2F2UUm%2FeV9Jqd4BUJKdomQqz8M0Rc%2F9V8n8ytR7I%2FcTIj4lZ8qLRJwQSdNJRUKBlbd7hBsO3BOpuOyY%3D"}],"group":"cf-nel","max_age":604800}
NEL: {"success_fraction":0,"report_to":"cf-nel","max_age":604800}
Server: cloudflare
CF-RAY: 86238d249a7f8ed8-FRA
Content-Encoding: gzip
alt-svc: h3=":443"; ma=86400

{
    "success": true,
    "accessToken": "Bearer eyJhbGciOiJIUzI1NiIsInR5cCI6IkpXVCJ9.eyJpZCI6IjY1ZWRiMTg1OWVkMjgwMDAxYjNjOWVmNSIsImlhdCI6MTcxMDA3NjI5MywiZXhwIjoxNzEwMDc3NDkzfQ.PdpeSrsaPRNFwvMolRCrk3tVMm6LUt0AmOjM2DujDJ0",
    "refreshToken": "e7819b07fafd0c55b523a5cbd0d370dd0656071750e814a286061d6c1539e45af7299966b35ede81",
    "user": {
        "email": "isiah.kemmer@yandex.ru",
        "name": "Shera Sporer Sr."
    }
}
Request method:	PATCH
Request URI:	https://stellarburgers.nomoreparties.site/api/auth/user
Proxy:			<none>
Request params:	<none>
Query params:	<none>
Form params:	<none>
Path params:	<none>
Headers:		Accept=*/*
				Content-Type=application/json
Cookies:		<none>
Multiparts:		<none>
Body:
{
    "email": "XbnKAlKi@yandex.ru",
    "password": "pMsdgvBTqx",
    "name": "Shera Sporer Sr."
}
HTTP/1.1 401 Unauthorized
Date: Sun, 10 Mar 2024 13:11:34 GMT
Content-Type: application/json; charset=utf-8
Content-Length: 54
Connection: keep-alive
X-Powered-By: Express
Access-Control-Allow-Origin: *
ETag: W/"36-9ndkQYJpZ8s0sMN790Nuh0MLq/U"
CF-Cache-Status: DYNAMIC
Report-To: {"endpoints":[{"url":"https:\/\/a.nel.cloudflare.com\/report\/v3?s=UiRo4Evxu8RTZndNBeq5XH6NLdC6vULjtsmueK8DteeK4HUhdCPI2BsCL%2FBqNDpnLy3oh%2BgA%2Bfpypv1zFLn%2FBFjCOKombXBqiTjKnL6h8%2BHU4lLNBJySI1k%2B6pK8Xkk71tXVRgEpuI%2BtSP3XdO%2BujS4nJWU%3D"}],"group":"cf-nel","max_age":604800}
NEL: {"success_fraction":0,"report_to":"cf-nel","max_age":604800}
Server: cloudflare
CF-RAY: 86238d2709d78c4c-FRA
alt-svc: h3=":443"; ma=86400

{
    "success": false,
    "message": "You should be authorised"
}
HTTP/1.1 401 Unauthorized
Date: Sun, 10 Mar 2024 13:11:34 GMT
Content-Type: application/json; charset=utf-8
Content-Length: 54
Connection: keep-alive
X-Powered-By: Express
Access-Control-Allow-Origin: *
ETag: W/"36-9ndkQYJpZ8s0sMN790Nuh0MLq/U"
CF-Cache-Status: DYNAMIC
Report-To: {"endpoints":[{"url":"https:\/\/a.nel.cloudflare.com\/report\/v3?s=UiRo4Evxu8RTZndNBeq5XH6NLdC6vULjtsmueK8DteeK4HUhdCPI2BsCL%2FBqNDpnLy3oh%2BgA%2Bfpypv1zFLn%2FBFjCOKombXBqiTjKnL6h8%2BHU4lLNBJySI1k%2B6pK8Xkk71tXVRgEpuI%2BtSP3XdO%2BujS4nJWU%3D"}],"group":"cf-nel","max_age":604800}
NEL: {"success_fraction":0,"report_to":"cf-nel","max_age":604800}
Server: cloudflare
CF-RAY: 86238d2709d78c4c-FRA
alt-svc: h3=":443"; ma=86400

{
    "success": false,
    "message": "You should be authorised"
}
Request method:	DELETE
Request URI:	https://stellarburgers.nomoreparties.site/api/auth/user
Proxy:			<none>
Request params:	<none>
Query params:	<none>
Form params:	<none>
Path params:	<none>
Headers:		Authorization=Bearer eyJhbGciOiJIUzI1NiIsInR5cCI6IkpXVCJ9.eyJpZCI6IjY1ZWRiMTg1OWVkMjgwMDAxYjNjOWVmNSIsImlhdCI6MTcxMDA3NjI5MywiZXhwIjoxNzEwMDc3NDkzfQ.PdpeSrsaPRNFwvMolRCrk3tVMm6LUt0AmOjM2DujDJ0
				Accept=*/*
				Content-Type=application/json
Cookies:		<none>
Multiparts:		<none>
Body:
{
    "email": "XbnKAlKi@yandex.ru",
    "password": "pMsdgvBTqx",
    "name": "Shera Sporer Sr."
}
HTTP/1.1 202 Accepted
Date: Sun, 10 Mar 2024 13:11:34 GMT
Content-Type: application/json; charset=utf-8
Content-Length: 54
Connection: keep-alive
X-Powered-By: Express
Access-Control-Allow-Origin: *
ETag: W/"36-hDmZnQ3Ou/ynnqAeC6TYmyseuzY"
CF-Cache-Status: DYNAMIC
Report-To: {"endpoints":[{"url":"https:\/\/a.nel.cloudflare.com\/report\/v3?s=h3sKaPxwU8OCFwTdz7kxxwiI1%2FiYpqKHgkm7TshC7Gbf27onOiVupqQRC13NjJpr3YJe50bj9FPCtx8hcVb3%2B7kSDrcd%2FRTUmhyeXgS6VCpXJQM13GfH5nYzteh2HdnPry2zEe6VE%2BktFS%2BD2DAYUdZ%2FLe8%3D"}],"group":"cf-nel","max_age":604800}
NEL: {"success_fraction":0,"report_to":"cf-nel","max_age":604800}
Server: cloudflare
CF-RAY: 86238d286ed91911-FRA
alt-svc: h3=":443"; ma=86400

{
    "success": true,
    "message": "User successfully removed"
}
]]></system-out>
  </testcase>
</testsuite>